2024-07-21T00:03:14.125+03:00  INFO 23136 --- [log-service] [AsyncResolver-bootstrap-executor-0] c.n.d.s.r.aws.ConfigClusterResolver      : Resolving eureka endpoints via configuration
2024-07-21T00:08:14.485+03:00  INFO 23136 --- [log-service] [AsyncResolver-bootstrap-executor-0] c.n.d.s.r.aws.ConfigClusterResolver      : Resolving eureka endpoints via configuration
2024-07-21T00:08:44.941+03:00  INFO 23136 --- [log-service] [org.springframework.amqp.rabbit.RabbitListenerEndpointContainer#0-1] u.l.utils.rabbitMQ.consumer.LogConsumer  : Log record read from queue : LogDTO(serviceName=photo-service, httpRequestMethod=POST, logType=ERROR, message=Required part 'photos' is not present., timestamp=2024-07-21T00:08:44.907908100, exception=400 BAD_REQUEST - MissingServletRequestPartException)
2024-07-21T00:10:22.332+03:00  INFO 23136 --- [log-service] [org.springframework.amqp.rabbit.RabbitListenerEndpointContainer#0-1] u.l.utils.rabbitMQ.consumer.LogConsumer  : Log record read from queue : LogDTO(serviceName=photo-service, httpRequestMethod=POST, logType=INFO, message=Single photo uploaded successfully, timestamp=2024-07-21T00:10:22.325821700, exception=null)
2024-07-21T00:10:22.338+03:00  INFO 23136 --- [log-service] [org.springframework.amqp.rabbit.RabbitListenerEndpointContainer#0-1] u.l.utils.rabbitMQ.consumer.LogConsumer  : Log record read from queue : LogDTO(serviceName=photo-service, httpRequestMethod=POST, logType=INFO, message=Multiple photo uploaded successfully, timestamp=2024-07-21T00:10:22.327000100, exception=null)
2024-07-21T00:12:17.705+03:00  INFO 23136 --- [log-service] [org.springframework.amqp.rabbit.RabbitListenerEndpointContainer#0-1] u.l.utils.rabbitMQ.consumer.LogConsumer  : Log record read from queue : LogDTO(serviceName=photo-service, httpRequestMethod=POST, logType=INFO, message=Single photo uploaded successfully, timestamp=2024-07-21T00:12:17.699443400, exception=null)
2024-07-21T00:12:17.709+03:00  INFO 23136 --- [log-service] [org.springframework.amqp.rabbit.RabbitListenerEndpointContainer#0-1] u.l.utils.rabbitMQ.consumer.LogConsumer  : Log record read from queue : LogDTO(serviceName=photo-service, httpRequestMethod=POST, logType=INFO, message=Multiple photo uploaded successfully, timestamp=2024-07-21T00:12:17.700781, exception=null)
2024-07-21T00:12:42.596+03:00  INFO 23136 --- [log-service] [org.springframework.amqp.rabbit.RabbitListenerEndpointContainer#0-1] u.l.utils.rabbitMQ.consumer.LogConsumer  : Log record read from queue : LogDTO(serviceName=photo-service, httpRequestMethod=POST, logType=INFO, message=Single photo uploaded successfully, timestamp=2024-07-21T00:12:42.587991500, exception=null)
2024-07-21T00:12:42.601+03:00  INFO 23136 --- [log-service] [org.springframework.amqp.rabbit.RabbitListenerEndpointContainer#0-1] u.l.utils.rabbitMQ.consumer.LogConsumer  : Log record read from queue : LogDTO(serviceName=photo-service, httpRequestMethod=POST, logType=INFO, message=Multiple photo uploaded successfully, timestamp=2024-07-21T00:12:42.589988100, exception=null)
2024-07-21T00:13:14.488+03:00  INFO 23136 --- [log-service] [AsyncResolver-bootstrap-executor-0] c.n.d.s.r.aws.ConfigClusterResolver      : Resolving eureka endpoints via configuration
2024-07-21T00:13:35.124+03:00  INFO 23136 --- [log-service] [org.springframework.amqp.rabbit.RabbitListenerEndpointContainer#0-1] u.l.utils.rabbitMQ.consumer.LogConsumer  : Log record read from queue : LogDTO(serviceName=photo-service, httpRequestMethod=POST, logType=INFO, message=Single photo uploaded successfully, timestamp=2024-07-21T00:13:35.119216600, exception=null)
2024-07-21T00:13:35.134+03:00  INFO 23136 --- [log-service] [org.springframework.amqp.rabbit.RabbitListenerEndpointContainer#0-1] u.l.utils.rabbitMQ.consumer.LogConsumer  : Log record read from queue : LogDTO(serviceName=photo-service, httpRequestMethod=POST, logType=INFO, message=Single photo uploaded successfully, timestamp=2024-07-21T00:13:35.125718700, exception=null)
2024-07-21T00:13:35.140+03:00  INFO 23136 --- [log-service] [org.springframework.amqp.rabbit.RabbitListenerEndpointContainer#0-1] u.l.utils.rabbitMQ.consumer.LogConsumer  : Log record read from queue : LogDTO(serviceName=photo-service, httpRequestMethod=POST, logType=INFO, message=Single photo uploaded successfully, timestamp=2024-07-21T00:13:35.136347800, exception=null)
2024-07-21T00:13:35.143+03:00  INFO 23136 --- [log-service] [org.springframework.amqp.rabbit.RabbitListenerEndpointContainer#0-1] u.l.utils.rabbitMQ.consumer.LogConsumer  : Log record read from queue : LogDTO(serviceName=photo-service, httpRequestMethod=POST, logType=INFO, message=Multiple photo uploaded successfully, timestamp=2024-07-21T00:13:35.136890900, exception=null)
2024-07-21T00:14:00.237+03:00  INFO 23136 --- [log-service] [org.springframework.amqp.rabbit.RabbitListenerEndpointContainer#0-1] u.l.utils.rabbitMQ.consumer.LogConsumer  : Log record read from queue : LogDTO(serviceName=photo-service, httpRequestMethod=GET, logType=INFO, message=Photo downloaded successfully, timestamp=2024-07-21T00:14:00.232583600, exception=null)
2024-07-21T00:15:49.051+03:00  INFO 23136 --- [log-service] [org.springframework.amqp.rabbit.RabbitListenerEndpointContainer#0-1] u.l.utils.rabbitMQ.consumer.LogConsumer  : Log record read from queue : LogDTO(serviceName=photo-service, httpRequestMethod=POST, logType=INFO, message=Single photo uploaded successfully, timestamp=2024-07-21T00:15:49.046404500, exception=null)
2024-07-21T00:15:49.056+03:00  INFO 23136 --- [log-service] [org.springframework.amqp.rabbit.RabbitListenerEndpointContainer#0-1] u.l.utils.rabbitMQ.consumer.LogConsumer  : Log record read from queue : LogDTO(serviceName=photo-service, httpRequestMethod=POST, logType=INFO, message=Single photo uploaded successfully, timestamp=2024-07-21T00:15:49.053758300, exception=null)
2024-07-21T00:15:49.066+03:00  INFO 23136 --- [log-service] [org.springframework.amqp.rabbit.RabbitListenerEndpointContainer#0-1] u.l.utils.rabbitMQ.consumer.LogConsumer  : Log record read from queue : LogDTO(serviceName=photo-service, httpRequestMethod=POST, logType=INFO, message=Single photo uploaded successfully, timestamp=2024-07-21T00:15:49.063046, exception=null)
2024-07-21T00:15:49.069+03:00  INFO 23136 --- [log-service] [org.springframework.amqp.rabbit.RabbitListenerEndpointContainer#0-1] u.l.utils.rabbitMQ.consumer.LogConsumer  : Log record read from queue : LogDTO(serviceName=photo-service, httpRequestMethod=POST, logType=INFO, message=Multiple photo uploaded successfully, timestamp=2024-07-21T00:15:49.063592800, exception=null)
2024-07-21T00:18:14.489+03:00  INFO 23136 --- [log-service] [AsyncResolver-bootstrap-executor-0] c.n.d.s.r.aws.ConfigClusterResolver      : Resolving eureka endpoints via configuration
2024-07-21T00:23:14.502+03:00  INFO 23136 --- [log-service] [AsyncResolver-bootstrap-executor-0] c.n.d.s.r.aws.ConfigClusterResolver      : Resolving eureka endpoints via configuration
2024-07-21T00:28:14.511+03:00  INFO 23136 --- [log-service] [AsyncResolver-bootstrap-executor-0] c.n.d.s.r.aws.ConfigClusterResolver      : Resolving eureka endpoints via configuration
2024-07-21T00:29:59.560+03:00  INFO 23136 --- [log-service] [org.springframework.amqp.rabbit.RabbitListenerEndpointContainer#0-1] u.l.utils.rabbitMQ.consumer.LogConsumer  : Log record read from queue : LogDTO(serviceName=photo-service, httpRequestMethod=POST, logType=INFO, message=Single photo uploaded successfully, timestamp=2024-07-21T00:29:59.499903700, exception=null)
2024-07-21T00:29:59.613+03:00  INFO 23136 --- [log-service] [org.springframework.amqp.rabbit.RabbitListenerEndpointContainer#0-1] u.l.utils.rabbitMQ.consumer.LogConsumer  : Log record read from queue : LogDTO(serviceName=photo-service, httpRequestMethod=POST, logType=INFO, message=Single photo uploaded successfully, timestamp=2024-07-21T00:29:59.512908200, exception=null)
2024-07-21T00:29:59.615+03:00  INFO 23136 --- [log-service] [org.springframework.amqp.rabbit.RabbitListenerEndpointContainer#0-1] u.l.utils.rabbitMQ.consumer.LogConsumer  : Log record read from queue : LogDTO(serviceName=photo-service, httpRequestMethod=POST, logType=INFO, message=Single photo uploaded successfully, timestamp=2024-07-21T00:29:59.525004600, exception=null)
2024-07-21T00:29:59.619+03:00  INFO 23136 --- [log-service] [org.springframework.amqp.rabbit.RabbitListenerEndpointContainer#0-1] u.l.utils.rabbitMQ.consumer.LogConsumer  : Log record read from queue : LogDTO(serviceName=photo-service, httpRequestMethod=POST, logType=INFO, message=Multiple photo uploaded successfully, timestamp=2024-07-21T00:29:59.525538600, exception=null)
2024-07-21T00:30:20.565+03:00  INFO 23136 --- [log-service] [org.springframework.amqp.rabbit.RabbitListenerEndpointContainer#0-1] u.l.utils.rabbitMQ.consumer.LogConsumer  : Log record read from queue : LogDTO(serviceName=photo-service, httpRequestMethod=POST, logType=INFO, message=Single photo uploaded successfully, timestamp=2024-07-21T00:30:20.560108600, exception=null)
2024-07-21T00:30:20.572+03:00  INFO 23136 --- [log-service] [org.springframework.amqp.rabbit.RabbitListenerEndpointContainer#0-1] u.l.utils.rabbitMQ.consumer.LogConsumer  : Log record read from queue : LogDTO(serviceName=photo-service, httpRequestMethod=POST, logType=INFO, message=Single photo uploaded successfully, timestamp=2024-07-21T00:30:20.569250, exception=null)
2024-07-21T00:30:20.575+03:00  INFO 23136 --- [log-service] [org.springframework.amqp.rabbit.RabbitListenerEndpointContainer#0-1] u.l.utils.rabbitMQ.consumer.LogConsumer  : Log record read from queue : LogDTO(serviceName=photo-service, httpRequestMethod=POST, logType=INFO, message=Multiple photo uploaded successfully, timestamp=2024-07-21T00:30:20.570400900, exception=null)
2024-07-21T00:32:13.712+03:00  INFO 23136 --- [log-service] [org.springframework.amqp.rabbit.RabbitListenerEndpointContainer#0-1] u.l.utils.rabbitMQ.consumer.LogConsumer  : Log record read from queue : LogDTO(serviceName=photo-service, httpRequestMethod=POST, logType=INFO, message=Single photo uploaded successfully, timestamp=2024-07-21T00:32:13.679848100, exception=null)
2024-07-21T00:32:13.717+03:00  INFO 23136 --- [log-service] [org.springframework.amqp.rabbit.RabbitListenerEndpointContainer#0-1] u.l.utils.rabbitMQ.consumer.LogConsumer  : Log record read from queue : LogDTO(serviceName=photo-service, httpRequestMethod=POST, logType=INFO, message=Multiple photo uploaded successfully, timestamp=2024-07-21T00:32:13.709459900, exception=null)
2024-07-21T00:33:05.439+03:00  INFO 23136 --- [log-service] [org.springframework.amqp.rabbit.RabbitListenerEndpointContainer#0-1] u.l.utils.rabbitMQ.consumer.LogConsumer  : Log record read from queue : LogDTO(serviceName=photo-service, httpRequestMethod=POST, logType=ERROR, message=Photo name already exists : java.png, timestamp=2024-07-21T00:33:05.433748, exception=409 CONFLICT - PhotoAlreadyExistsException)
2024-07-21T00:33:14.517+03:00  INFO 23136 --- [log-service] [AsyncResolver-bootstrap-executor-0] c.n.d.s.r.aws.ConfigClusterResolver      : Resolving eureka endpoints via configuration
2024-07-21T00:34:11.243+03:00  INFO 23136 --- [log-service] [org.springframework.amqp.rabbit.RabbitListenerEndpointContainer#0-1] u.l.utils.rabbitMQ.consumer.LogConsumer  : Log record read from queue : LogDTO(serviceName=photo-service, httpRequestMethod=POST, logType=INFO, message=Single photo uploaded successfully, timestamp=2024-07-21T00:34:11.238634100, exception=null)
2024-07-21T00:34:11.248+03:00  INFO 23136 --- [log-service] [org.springframework.amqp.rabbit.RabbitListenerEndpointContainer#0-1] u.l.utils.rabbitMQ.consumer.LogConsumer  : Log record read from queue : LogDTO(serviceName=photo-service, httpRequestMethod=POST, logType=INFO, message=Multiple photo uploaded successfully, timestamp=2024-07-21T00:34:11.239651100, exception=null)
2024-07-21T00:34:21.266+03:00  INFO 23136 --- [log-service] [org.springframework.amqp.rabbit.RabbitListenerEndpointContainer#0-1] u.l.utils.rabbitMQ.consumer.LogConsumer  : Log record read from queue : LogDTO(serviceName=photo-service, httpRequestMethod=POST, logType=INFO, message=Single photo uploaded successfully, timestamp=2024-07-21T00:34:21.261176100, exception=null)
2024-07-21T00:34:21.272+03:00  INFO 23136 --- [log-service] [org.springframework.amqp.rabbit.RabbitListenerEndpointContainer#0-1] u.l.utils.rabbitMQ.consumer.LogConsumer  : Log record read from queue : LogDTO(serviceName=photo-service, httpRequestMethod=POST, logType=INFO, message=Single photo uploaded successfully, timestamp=2024-07-21T00:34:21.269456, exception=null)
2024-07-21T00:34:21.279+03:00  INFO 23136 --- [log-service] [org.springframework.amqp.rabbit.RabbitListenerEndpointContainer#0-1] u.l.utils.rabbitMQ.consumer.LogConsumer  : Log record read from queue : LogDTO(serviceName=photo-service, httpRequestMethod=POST, logType=INFO, message=Multiple photo uploaded successfully, timestamp=2024-07-21T00:34:21.270009200, exception=null)
2024-07-21T00:38:14.531+03:00  INFO 23136 --- [log-service] [AsyncResolver-bootstrap-executor-0] c.n.d.s.r.aws.ConfigClusterResolver      : Resolving eureka endpoints via configuration
2024-07-21T00:39:00.335+03:00  INFO 23136 --- [log-service] [org.springframework.amqp.rabbit.RabbitListenerEndpointContainer#0-1] u.l.utils.rabbitMQ.consumer.LogConsumer  : Log record read from queue : LogDTO(serviceName=photo-service, httpRequestMethod=POST, logType=INFO, message=Single photo uploaded successfully, timestamp=2024-07-21T00:39:00.331983400, exception=null)
2024-07-21T00:39:00.340+03:00  INFO 23136 --- [log-service] [org.springframework.amqp.rabbit.RabbitListenerEndpointContainer#0-1] u.l.utils.rabbitMQ.consumer.LogConsumer  : Log record read from queue : LogDTO(serviceName=photo-service, httpRequestMethod=POST, logType=INFO, message=Single photo uploaded successfully, timestamp=2024-07-21T00:39:00.338617500, exception=null)
2024-07-21T00:39:00.344+03:00  INFO 23136 --- [log-service] [org.springframework.amqp.rabbit.RabbitListenerEndpointContainer#0-1] u.l.utils.rabbitMQ.consumer.LogConsumer  : Log record read from queue : LogDTO(serviceName=photo-service, httpRequestMethod=POST, logType=INFO, message=Multiple photo uploaded successfully, timestamp=2024-07-21T00:39:00.339223400, exception=null)
2024-07-21T00:43:14.544+03:00  INFO 23136 --- [log-service] [AsyncResolver-bootstrap-executor-0] c.n.d.s.r.aws.ConfigClusterResolver      : Resolving eureka endpoints via configuration
2024-07-21T00:45:31.495+03:00  INFO 23136 --- [log-service] [org.springframework.amqp.rabbit.RabbitListenerEndpointContainer#0-1] u.l.utils.rabbitMQ.consumer.LogConsumer  : Log record read from queue : LogDTO(serviceName=photo-service, httpRequestMethod=POST, logType=INFO, message=Single photo uploaded successfully, timestamp=2024-07-21T00:45:31.490819900, exception=null)
2024-07-21T00:45:31.500+03:00  INFO 23136 --- [log-service] [org.springframework.amqp.rabbit.RabbitListenerEndpointContainer#0-1] u.l.utils.rabbitMQ.consumer.LogConsumer  : Log record read from queue : LogDTO(serviceName=photo-service, httpRequestMethod=POST, logType=INFO, message=Multiple photo uploaded successfully, timestamp=2024-07-21T00:45:31.492719700, exception=null)
2024-07-21T00:46:24.479+03:00  INFO 23136 --- [log-service] [org.springframework.amqp.rabbit.RabbitListenerEndpointContainer#0-1] u.l.utils.rabbitMQ.consumer.LogConsumer  : Log record read from queue : LogDTO(serviceName=photo-service, httpRequestMethod=POST, logType=INFO, message=Single photo uploaded successfully, timestamp=2024-07-21T00:46:24.475467600, exception=null)
2024-07-21T00:46:24.482+03:00  INFO 23136 --- [log-service] [org.springframework.amqp.rabbit.RabbitListenerEndpointContainer#0-1] u.l.utils.rabbitMQ.consumer.LogConsumer  : Log record read from queue : LogDTO(serviceName=photo-service, httpRequestMethod=POST, logType=INFO, message=Multiple photo uploaded successfully, timestamp=2024-07-21T00:46:24.475467600, exception=null)
2024-07-21T00:48:14.562+03:00  INFO 23136 --- [log-service] [AsyncResolver-bootstrap-executor-0] c.n.d.s.r.aws.ConfigClusterResolver      : Resolving eureka endpoints via configuration
2024-07-21T00:53:14.568+03:00  INFO 23136 --- [log-service] [AsyncResolver-bootstrap-executor-0] c.n.d.s.r.aws.ConfigClusterResolver      : Resolving eureka endpoints via configuration
2024-07-21T00:56:59.597+03:00  INFO 23136 --- [log-service] [org.springframework.amqp.rabbit.RabbitListenerEndpointContainer#0-1] u.l.utils.rabbitMQ.consumer.LogConsumer  : Log record read from queue : LogDTO(serviceName=photo-service, httpRequestMethod=POST, logType=INFO, message=Single photo uploaded successfully, timestamp=2024-07-21T00:56:59.567089, exception=null)
2024-07-21T00:56:59.659+03:00  INFO 23136 --- [log-service] [org.springframework.amqp.rabbit.RabbitListenerEndpointContainer#0-1] u.l.utils.rabbitMQ.consumer.LogConsumer  : Log record read from queue : LogDTO(serviceName=photo-service, httpRequestMethod=POST, logType=INFO, message=Single photo uploaded successfully, timestamp=2024-07-21T00:56:59.584665, exception=null)
2024-07-21T00:56:59.662+03:00  INFO 23136 --- [log-service] [org.springframework.amqp.rabbit.RabbitListenerEndpointContainer#0-1] u.l.utils.rabbitMQ.consumer.LogConsumer  : Log record read from queue : LogDTO(serviceName=photo-service, httpRequestMethod=POST, logType=INFO, message=Multiple photo uploaded successfully, timestamp=2024-07-21T00:56:59.585501, exception=null)
2024-07-21T00:58:01.181+03:00  INFO 23136 --- [log-service] [SpringApplicationShutdownHook] o.s.c.n.e.s.EurekaServiceRegistry        : Unregistering application LOG-SERVICE with eureka with status DOWN
2024-07-21T00:58:01.182+03:00  INFO 23136 --- [log-service] [SpringApplicationShutdownHook] com.netflix.discovery.DiscoveryClient    : Saw local status change event StatusChangeEvent [timestamp=1721512681182, current=DOWN, previous=UP]
2024-07-21T00:58:01.184+03:00  INFO 23136 --- [log-service] [DiscoveryClient-InstanceInfoReplicator-0] com.netflix.discovery.DiscoveryClient    : DiscoveryClient_LOG-SERVICE/DESKTOP-AV28T9D.mshome.net:log-service:8085: registering service...
2024-07-21T00:58:01.447+03:00  INFO 23136 --- [log-service] [DiscoveryClient-InstanceInfoReplicator-0] com.netflix.discovery.DiscoveryClient    : DiscoveryClient_LOG-SERVICE/DESKTOP-AV28T9D.mshome.net:log-service:8085 - registration status: 204
2024-07-21T00:58:01.464+03:00  INFO 23136 --- [log-service] [org.springframework.amqp.rabbit.RabbitListenerEndpointContainer#0-2] o.s.a.r.l.SimpleMessageListenerContainer : Waiting for workers to finish.
2024-07-21T00:58:02.208+03:00  INFO 23136 --- [log-service] [org.springframework.amqp.rabbit.RabbitListenerEndpointContainer#0-2] o.s.a.r.l.SimpleMessageListenerContainer : Successfully waited for workers to finish.
2024-07-21T00:58:02.973+03:00  INFO 23136 --- [log-service] [SpringApplicationShutdownHook] com.netflix.discovery.DiscoveryClient    : Shutting down DiscoveryClient ...
2024-07-21T00:58:05.981+03:00  INFO 23136 --- [log-service] [SpringApplicationShutdownHook] com.netflix.discovery.DiscoveryClient    : Unregistering ...
2024-07-21T00:58:06.019+03:00  INFO 23136 --- [log-service] [SpringApplicationShutdownHook] c.n.d.s.t.d.RedirectingEurekaHttpClient  : Request execution error. endpoint=DefaultEndpoint{ serviceUrl='http://localhost:8761/eureka/} exception=I/O error on DELETE request for "http://localhost:8761/eureka/apps/LOG-SERVICE/DESKTOP-AV28T9D.mshome.net:log-service:8085": Connect to http://localhost:8761 [localhost/127.0.0.1, localhost/0:0:0:0:0:0:0:1] failed: Connection refused: getsockopt stacktrace=org.springframework.web.client.ResourceAccessException: I/O error on DELETE request for "http://localhost:8761/eureka/apps/LOG-SERVICE/DESKTOP-AV28T9D.mshome.net:log-service:8085": Connect to http://localhost:8761 [localhost/127.0.0.1, localhost/0:0:0:0:0:0:0:1] failed: Connection refused: getsockopt
	at org.springframework.web.client.RestTemplate.createResourceAccessException(RestTemplate.java:915)
	at org.springframework.web.client.RestTemplate.doExecute(RestTemplate.java:895)
	at org.springframework.web.client.RestTemplate.execute(RestTemplate.java:790)
	at org.springframework.web.client.RestTemplate.exchange(RestTemplate.java:672)
	at org.springframework.cloud.netflix.eureka.http.RestTemplateEurekaHttpClient.cancel(RestTemplateEurekaHttpClient.java:87)
	at com.netflix.discovery.shared.transport.decorator.EurekaHttpClientDecorator$2.execute(EurekaHttpClientDecorator.java:74)
	at com.netflix.discovery.shared.transport.decorator.RedirectingEurekaHttpClient.execute(RedirectingEurekaHttpClient.java:91)
	at com.netflix.discovery.shared.transport.decorator.EurekaHttpClientDecorator.cancel(EurekaHttpClientDecorator.java:71)
	at com.netflix.discovery.shared.transport.decorator.EurekaHttpClientDecorator$2.execute(EurekaHttpClientDecorator.java:74)
	at com.netflix.discovery.shared.transport.decorator.RetryableEurekaHttpClient.execute(RetryableEurekaHttpClient.java:120)
	at com.netflix.discovery.shared.transport.decorator.EurekaHttpClientDecorator.cancel(EurekaHttpClientDecorator.java:71)
	at com.netflix.discovery.shared.transport.decorator.EurekaHttpClientDecorator$2.execute(EurekaHttpClientDecorator.java:74)
	at com.netflix.discovery.shared.transport.decorator.SessionedEurekaHttpClient.execute(SessionedEurekaHttpClient.java:77)
	at com.netflix.discovery.shared.transport.decorator.EurekaHttpClientDecorator.cancel(EurekaHttpClientDecorator.java:71)
	at com.netflix.discovery.DiscoveryClient.unregister(DiscoveryClient.java:916)
	at com.netflix.discovery.DiscoveryClient.shutdown(DiscoveryClient.java:892)
	at java.base/jdk.internal.reflect.DirectMethodHandleAccessor.invoke(DirectMethodHandleAccessor.java:103)
	at java.base/java.lang.reflect.Method.invoke(Method.java:580)
	at org.springframework.beans.factory.annotation.InitDestroyAnnotationBeanPostProcessor$LifecycleMethod.invoke(InitDestroyAnnotationBeanPostProcessor.java:457)
	at org.springframework.beans.factory.annotation.InitDestroyAnnotationBeanPostProcessor$LifecycleMetadata.invokeDestroyMethods(InitDestroyAnnotationBeanPostProcessor.java:415)
	at org.springframework.beans.factory.annotation.InitDestroyAnnotationBeanPostProcessor.postProcessBeforeDestruction(InitDestroyAnnotationBeanPostProcessor.java:239)
	at org.springframework.beans.factory.support.DisposableBeanAdapter.destroy(DisposableBeanAdapter.java:202)
	at org.springframework.beans.factory.support.DisposableBeanAdapter.run(DisposableBeanAdapter.java:195)
	at org.springframework.cloud.context.scope.GenericScope$BeanLifecycleWrapper.destroy(GenericScope.java:389)
	at org.springframework.cloud.context.scope.GenericScope.destroy(GenericScope.java:136)
	at org.springframework.beans.factory.support.DisposableBeanAdapter.destroy(DisposableBeanAdapter.java:211)
	at org.springframework.beans.factory.support.DefaultSingletonBeanRegistry.destroyBean(DefaultSingletonBeanRegistry.java:587)
	at org.springframework.beans.factory.support.DefaultSingletonBeanRegistry.destroySingleton(DefaultSingletonBeanRegistry.java:559)
	at org.springframework.beans.factory.support.DefaultListableBeanFactory.destroySingleton(DefaultListableBeanFactory.java:1202)
	at org.springframework.beans.factory.support.DefaultSingletonBeanRegistry.destroySingletons(DefaultSingletonBeanRegistry.java:520)
	at org.springframework.beans.factory.support.DefaultListableBeanFactory.destroySingletons(DefaultListableBeanFactory.java:1195)
	at org.springframework.context.support.AbstractApplicationContext.destroyBeans(AbstractApplicationContext.java:1186)
	at org.springframework.context.support.AbstractApplicationContext.doClose(AbstractApplicationContext.java:1147)
	at org.springframework.boot.web.servlet.context.ServletWebServerApplicationContext.doClose(ServletWebServerApplicationContext.java:174)
	at org.springframework.context.support.AbstractApplicationContext.close(AbstractApplicationContext.java:1093)
	at org.springframework.boot.SpringApplicationShutdownHook.closeAndWait(SpringApplicationShutdownHook.java:145)
	at java.base/java.lang.Iterable.forEach(Iterable.java:75)
	at org.springframework.boot.SpringApplicationShutdownHook.run(SpringApplicationShutdownHook.java:114)
	at java.base/java.lang.Thread.run(Thread.java:1570)
Caused by: org.apache.hc.client5.http.HttpHostConnectException: Connect to http://localhost:8761 [localhost/127.0.0.1, localhost/0:0:0:0:0:0:0:1] failed: Connection refused: getsockopt
	at java.base/sun.nio.ch.Net.pollConnect(Native Method)
	at java.base/sun.nio.ch.Net.pollConnectNow(Net.java:682)
	at java.base/sun.nio.ch.NioSocketImpl.timedFinishConnect(NioSocketImpl.java:542)
	at java.base/sun.nio.ch.NioSocketImpl.connect(NioSocketImpl.java:592)
	at java.base/java.net.SocksSocketImpl.connect(SocksSocketImpl.java:327)
	at java.base/java.net.Socket.connect(Socket.java:752)
	at org.apache.hc.client5.http.socket.PlainConnectionSocketFactory.lambda$connectSocket$0(PlainConnectionSocketFactory.java:91)
	at java.base/java.security.AccessController.doPrivileged(AccessController.java:571)
	at org.apache.hc.client5.http.socket.PlainConnectionSocketFactory.connectSocket(PlainConnectionSocketFactory.java:90)
	at org.apache.hc.client5.http.socket.ConnectionSocketFactory.connectSocket(ConnectionSocketFactory.java:123)
	at org.apache.hc.client5.http.impl.io.DefaultHttpClientConnectionOperator.connect(DefaultHttpClientConnectionOperator.java:189)
	at org.apache.hc.client5.http.impl.io.PoolingHttpClientConnectionManager.connect(PoolingHttpClientConnectionManager.java:450)
	at org.apache.hc.client5.http.impl.classic.InternalExecRuntime.connectEndpoint(InternalExecRuntime.java:162)
	at org.apache.hc.client5.http.impl.classic.InternalExecRuntime.connectEndpoint(InternalExecRuntime.java:172)
	at org.apache.hc.client5.http.impl.classic.ConnectExec.execute(ConnectExec.java:142)
	at org.apache.hc.client5.http.impl.classic.ExecChainElement.execute(ExecChainElement.java:51)
	at org.apache.hc.client5.http.impl.classic.ProtocolExec.execute(ProtocolExec.java:192)
	at org.apache.hc.client5.http.impl.classic.ExecChainElement.execute(ExecChainElement.java:51)
	at org.apache.hc.client5.http.impl.classic.HttpRequestRetryExec.execute(HttpRequestRetryExec.java:113)
	at org.apache.hc.client5.http.impl.classic.ExecChainElement.execute(ExecChainElement.java:51)
	at org.apache.hc.client5.http.impl.classic.ContentCompressionExec.execute(ContentCompressionExec.java:152)
	at org.apache.hc.client5.http.impl.classic.ExecChainElement.execute(ExecChainElement.java:51)
	at org.apache.hc.client5.http.impl.classic.RedirectExec.execute(RedirectExec.java:116)
	at org.apache.hc.client5.http.impl.classic.ExecChainElement.execute(ExecChainElement.java:51)
	at org.apache.hc.client5.http.impl.classic.InternalHttpClient.doExecute(InternalHttpClient.java:170)
	at org.apache.hc.client5.http.impl.classic.CloseableHttpClient.execute(CloseableHttpClient.java:87)
	at org.apache.hc.client5.http.impl.classic.CloseableHttpClient.execute(CloseableHttpClient.java:55)
	at org.apache.hc.client5.http.classic.HttpClient.executeOpen(HttpClient.java:183)
	at org.springframework.http.client.HttpComponentsClientHttpRequest.executeInternal(HttpComponentsClientHttpRequest.java:99)
	at org.springframework.http.client.AbstractStreamingClientHttpRequest.executeInternal(AbstractStreamingClientHttpRequest.java:70)
	at org.springframework.http.client.AbstractClientHttpRequest.execute(AbstractClientHttpRequest.java:66)
	at org.springframework.http.client.InterceptingClientHttpRequest$InterceptingRequestExecution.execute(InterceptingClientHttpRequest.java:112)
	at org.springframework.cloud.netflix.eureka.http.RestTemplateTransportClientFactory.lambda$restTemplate$3(RestTemplateTransportClientFactory.java:170)
	at org.springframework.http.client.InterceptingClientHttpRequest$InterceptingRequestExecution.execute(InterceptingClientHttpRequest.java:88)
	at org.springframework.http.client.InterceptingClientHttpRequest.executeInternal(InterceptingClientHttpRequest.java:72)
	at org.springframework.http.client.AbstractBufferingClientHttpRequest.executeInternal(AbstractBufferingClientHttpRequest.java:48)
	at org.springframework.http.client.AbstractClientHttpRequest.execute(AbstractClientHttpRequest.java:66)
	at org.springframework.web.client.RestTemplate.doExecute(RestTemplate.java:889)
	... 37 more

2024-07-21T00:58:06.020+03:00  WARN 23136 --- [log-service] [SpringApplicationShutdownHook] c.n.d.s.t.d.RetryableEurekaHttpClient    : Request execution failed with message: I/O error on DELETE request for "http://localhost:8761/eureka/apps/LOG-SERVICE/DESKTOP-AV28T9D.mshome.net:log-service:8085": Connect to http://localhost:8761 [localhost/127.0.0.1, localhost/0:0:0:0:0:0:0:1] failed: Connection refused: getsockopt
2024-07-21T00:58:06.068+03:00  INFO 23136 --- [log-service] [SpringApplicationShutdownHook] c.n.d.s.t.d.RedirectingEurekaHttpClient  : Request execution error. endpoint=DefaultEndpoint{ serviceUrl='http://localhost:8761/eureka/}, exception=I/O error on DELETE request for "http://localhost:8761/eureka/apps/LOG-SERVICE/DESKTOP-AV28T9D.mshome.net:log-service:8085": Connect to http://localhost:8761 [localhost/127.0.0.1, localhost/0:0:0:0:0:0:0:1] failed: Connection refused: getsockopt stacktrace=org.springframework.web.client.ResourceAccessException: I/O error on DELETE request for "http://localhost:8761/eureka/apps/LOG-SERVICE/DESKTOP-AV28T9D.mshome.net:log-service:8085": Connect to http://localhost:8761 [localhost/127.0.0.1, localhost/0:0:0:0:0:0:0:1] failed: Connection refused: getsockopt
	at org.springframework.web.client.RestTemplate.createResourceAccessException(RestTemplate.java:915)
	at org.springframework.web.client.RestTemplate.doExecute(RestTemplate.java:895)
	at org.springframework.web.client.RestTemplate.execute(RestTemplate.java:790)
	at org.springframework.web.client.RestTemplate.exchange(RestTemplate.java:672)
	at org.springframework.cloud.netflix.eureka.http.RestTemplateEurekaHttpClient.cancel(RestTemplateEurekaHttpClient.java:87)
	at com.netflix.discovery.shared.transport.decorator.EurekaHttpClientDecorator$2.execute(EurekaHttpClientDecorator.java:74)
	at com.netflix.discovery.shared.transport.decorator.RedirectingEurekaHttpClient.executeOnNewServer(RedirectingEurekaHttpClient.java:121)
	at com.netflix.discovery.shared.transport.decorator.RedirectingEurekaHttpClient.execute(RedirectingEurekaHttpClient.java:80)
	at com.netflix.discovery.shared.transport.decorator.EurekaHttpClientDecorator.cancel(EurekaHttpClientDecorator.java:71)
	at com.netflix.discovery.shared.transport.decorator.EurekaHttpClientDecorator$2.execute(EurekaHttpClientDecorator.java:74)
	at com.netflix.discovery.shared.transport.decorator.RetryableEurekaHttpClient.execute(RetryableEurekaHttpClient.java:120)
	at com.netflix.discovery.shared.transport.decorator.EurekaHttpClientDecorator.cancel(EurekaHttpClientDecorator.java:71)
	at com.netflix.discovery.shared.transport.decorator.EurekaHttpClientDecorator$2.execute(EurekaHttpClientDecorator.java:74)
	at com.netflix.discovery.shared.transport.decorator.SessionedEurekaHttpClient.execute(SessionedEurekaHttpClient.java:77)
	at com.netflix.discovery.shared.transport.decorator.EurekaHttpClientDecorator.cancel(EurekaHttpClientDecorator.java:71)
	at com.netflix.discovery.DiscoveryClient.unregister(DiscoveryClient.java:916)
	at com.netflix.discovery.DiscoveryClient.shutdown(DiscoveryClient.java:892)
	at java.base/jdk.internal.reflect.DirectMethodHandleAccessor.invoke(DirectMethodHandleAccessor.java:103)
	at java.base/java.lang.reflect.Method.invoke(Method.java:580)
	at org.springframework.beans.factory.annotation.InitDestroyAnnotationBeanPostProcessor$LifecycleMethod.invoke(InitDestroyAnnotationBeanPostProcessor.java:457)
	at org.springframework.beans.factory.annotation.InitDestroyAnnotationBeanPostProcessor$LifecycleMetadata.invokeDestroyMethods(InitDestroyAnnotationBeanPostProcessor.java:415)
	at org.springframework.beans.factory.annotation.InitDestroyAnnotationBeanPostProcessor.postProcessBeforeDestruction(InitDestroyAnnotationBeanPostProcessor.java:239)
	at org.springframework.beans.factory.support.DisposableBeanAdapter.destroy(DisposableBeanAdapter.java:202)
	at org.springframework.beans.factory.support.DisposableBeanAdapter.run(DisposableBeanAdapter.java:195)
	at org.springframework.cloud.context.scope.GenericScope$BeanLifecycleWrapper.destroy(GenericScope.java:389)
	at org.springframework.cloud.context.scope.GenericScope.destroy(GenericScope.java:136)
	at org.springframework.beans.factory.support.DisposableBeanAdapter.destroy(DisposableBeanAdapter.java:211)
	at org.springframework.beans.factory.support.DefaultSingletonBeanRegistry.destroyBean(DefaultSingletonBeanRegistry.java:587)
	at org.springframework.beans.factory.support.DefaultSingletonBeanRegistry.destroySingleton(DefaultSingletonBeanRegistry.java:559)
	at org.springframework.beans.factory.support.DefaultListableBeanFactory.destroySingleton(DefaultListableBeanFactory.java:1202)
	at org.springframework.beans.factory.support.DefaultSingletonBeanRegistry.destroySingletons(DefaultSingletonBeanRegistry.java:520)
	at org.springframework.beans.factory.support.DefaultListableBeanFactory.destroySingletons(DefaultListableBeanFactory.java:1195)
	at org.springframework.context.support.AbstractApplicationContext.destroyBeans(AbstractApplicationContext.java:1186)
	at org.springframework.context.support.AbstractApplicationContext.doClose(AbstractApplicationContext.java:1147)
	at org.springframework.boot.web.servlet.context.ServletWebServerApplicationContext.doClose(ServletWebServerApplicationContext.java:174)
	at org.springframework.context.support.AbstractApplicationContext.close(AbstractApplicationContext.java:1093)
	at org.springframework.boot.SpringApplicationShutdownHook.closeAndWait(SpringApplicationShutdownHook.java:145)
	at java.base/java.lang.Iterable.forEach(Iterable.java:75)
	at org.springframework.boot.SpringApplicationShutdownHook.run(SpringApplicationShutdownHook.java:114)
	at java.base/java.lang.Thread.run(Thread.java:1570)
Caused by: org.apache.hc.client5.http.HttpHostConnectException: Connect to http://localhost:8761 [localhost/127.0.0.1, localhost/0:0:0:0:0:0:0:1] failed: Connection refused: getsockopt
	at java.base/sun.nio.ch.Net.pollConnect(Native Method)
	at java.base/sun.nio.ch.Net.pollConnectNow(Net.java:682)
	at java.base/sun.nio.ch.NioSocketImpl.timedFinishConnect(NioSocketImpl.java:542)
	at java.base/sun.nio.ch.NioSocketImpl.connect(NioSocketImpl.java:592)
	at java.base/java.net.SocksSocketImpl.connect(SocksSocketImpl.java:327)
	at java.base/java.net.Socket.connect(Socket.java:752)
	at org.apache.hc.client5.http.socket.PlainConnectionSocketFactory.lambda$connectSocket$0(PlainConnectionSocketFactory.java:91)
	at java.base/java.security.AccessController.doPrivileged(AccessController.java:571)
	at org.apache.hc.client5.http.socket.PlainConnectionSocketFactory.connectSocket(PlainConnectionSocketFactory.java:90)
	at org.apache.hc.client5.http.socket.ConnectionSocketFactory.connectSocket(ConnectionSocketFactory.java:123)
	at org.apache.hc.client5.http.impl.io.DefaultHttpClientConnectionOperator.connect(DefaultHttpClientConnectionOperator.java:189)
	at org.apache.hc.client5.http.impl.io.PoolingHttpClientConnectionManager.connect(PoolingHttpClientConnectionManager.java:450)
	at org.apache.hc.client5.http.impl.classic.InternalExecRuntime.connectEndpoint(InternalExecRuntime.java:162)
	at org.apache.hc.client5.http.impl.classic.InternalExecRuntime.connectEndpoint(InternalExecRuntime.java:172)
	at org.apache.hc.client5.http.impl.classic.ConnectExec.execute(ConnectExec.java:142)
	at org.apache.hc.client5.http.impl.classic.ExecChainElement.execute(ExecChainElement.java:51)
	at org.apache.hc.client5.http.impl.classic.ProtocolExec.execute(ProtocolExec.java:192)
	at org.apache.hc.client5.http.impl.classic.ExecChainElement.execute(ExecChainElement.java:51)
	at org.apache.hc.client5.http.impl.classic.HttpRequestRetryExec.execute(HttpRequestRetryExec.java:113)
	at org.apache.hc.client5.http.impl.classic.ExecChainElement.execute(ExecChainElement.java:51)
	at org.apache.hc.client5.http.impl.classic.ContentCompressionExec.execute(ContentCompressionExec.java:152)
	at org.apache.hc.client5.http.impl.classic.ExecChainElement.execute(ExecChainElement.java:51)
	at org.apache.hc.client5.http.impl.classic.RedirectExec.execute(RedirectExec.java:116)
	at org.apache.hc.client5.http.impl.classic.ExecChainElement.execute(ExecChainElement.java:51)
	at org.apache.hc.client5.http.impl.classic.InternalHttpClient.doExecute(InternalHttpClient.java:170)
	at org.apache.hc.client5.http.impl.classic.CloseableHttpClient.execute(CloseableHttpClient.java:87)
	at org.apache.hc.client5.http.impl.classic.CloseableHttpClient.execute(CloseableHttpClient.java:55)
	at org.apache.hc.client5.http.classic.HttpClient.executeOpen(HttpClient.java:183)
	at org.springframework.http.client.HttpComponentsClientHttpRequest.executeInternal(HttpComponentsClientHttpRequest.java:99)
	at org.springframework.http.client.AbstractStreamingClientHttpRequest.executeInternal(AbstractStreamingClientHttpRequest.java:70)
	at org.springframework.http.client.AbstractClientHttpRequest.execute(AbstractClientHttpRequest.java:66)
	at org.springframework.http.client.InterceptingClientHttpRequest$InterceptingRequestExecution.execute(InterceptingClientHttpRequest.java:112)
	at org.springframework.cloud.netflix.eureka.http.RestTemplateTransportClientFactory.lambda$restTemplate$3(RestTemplateTransportClientFactory.java:170)
	at org.springframework.http.client.InterceptingClientHttpRequest$InterceptingRequestExecution.execute(InterceptingClientHttpRequest.java:88)
	at org.springframework.http.client.InterceptingClientHttpRequest.executeInternal(InterceptingClientHttpRequest.java:72)
	at org.springframework.http.client.AbstractBufferingClientHttpRequest.executeInternal(AbstractBufferingClientHttpRequest.java:48)
	at org.springframework.http.client.AbstractClientHttpRequest.execute(AbstractClientHttpRequest.java:66)
	at org.springframework.web.client.RestTemplate.doExecute(RestTemplate.java:889)
	... 38 more

2024-07-21T00:58:06.069+03:00  WARN 23136 --- [log-service] [SpringApplicationShutdownHook] c.n.d.s.t.d.RetryableEurekaHttpClient    : Request execution failed with message: I/O error on DELETE request for "http://localhost:8761/eureka/apps/LOG-SERVICE/DESKTOP-AV28T9D.mshome.net:log-service:8085": Connect to http://localhost:8761 [localhost/127.0.0.1, localhost/0:0:0:0:0:0:0:1] failed: Connection refused: getsockopt
2024-07-21T00:58:06.069+03:00 ERROR 23136 --- [log-service] [SpringApplicationShutdownHook] com.netflix.discovery.DiscoveryClient    : DiscoveryClient_LOG-SERVICE/DESKTOP-AV28T9D.mshome.net:log-service:8085 - de-registration failedCannot execute request on any known server

com.netflix.discovery.shared.transport.TransportException: Cannot execute request on any known server
	at com.netflix.discovery.shared.transport.decorator.RetryableEurekaHttpClient.execute(RetryableEurekaHttpClient.java:112) ~[eureka-client-2.0.2.jar:2.0.2]
	at com.netflix.discovery.shared.transport.decorator.EurekaHttpClientDecorator.cancel(EurekaHttpClientDecorator.java:71) ~[eureka-client-2.0.2.jar:2.0.2]
	at com.netflix.discovery.shared.transport.decorator.EurekaHttpClientDecorator$2.execute(EurekaHttpClientDecorator.java:74) ~[eureka-client-2.0.2.jar:2.0.2]
	at com.netflix.discovery.shared.transport.decorator.SessionedEurekaHttpClient.execute(SessionedEurekaHttpClient.java:77) ~[eureka-client-2.0.2.jar:2.0.2]
	at com.netflix.discovery.shared.transport.decorator.EurekaHttpClientDecorator.cancel(EurekaHttpClientDecorator.java:71) ~[eureka-client-2.0.2.jar:2.0.2]
	at com.netflix.discovery.DiscoveryClient.unregister(DiscoveryClient.java:916) ~[eureka-client-2.0.2.jar:2.0.2]
	at com.netflix.discovery.DiscoveryClient.shutdown(DiscoveryClient.java:892) ~[eureka-client-2.0.2.jar:2.0.2]
	at java.base/jdk.internal.reflect.DirectMethodHandleAccessor.invoke(DirectMethodHandleAccessor.java:103) ~[na:na]
	at java.base/java.lang.reflect.Method.invoke(Method.java:580) ~[na:na]
	at org.springframework.beans.factory.annotation.InitDestroyAnnotationBeanPostProcessor$LifecycleMethod.invoke(InitDestroyAnnotationBeanPostProcessor.java:457) ~[spring-beans-6.1.10.jar:6.1.10]
	at org.springframework.beans.factory.annotation.InitDestroyAnnotationBeanPostProcessor$LifecycleMetadata.invokeDestroyMethods(InitDestroyAnnotationBeanPostProcessor.java:415) ~[spring-beans-6.1.10.jar:6.1.10]
	at org.springframework.beans.factory.annotation.InitDestroyAnnotationBeanPostProcessor.postProcessBeforeDestruction(InitDestroyAnnotationBeanPostProcessor.java:239) ~[spring-beans-6.1.10.jar:6.1.10]
	at org.springframework.beans.factory.support.DisposableBeanAdapter.destroy(DisposableBeanAdapter.java:202) ~[spring-beans-6.1.10.jar:6.1.10]
	at org.springframework.beans.factory.support.DisposableBeanAdapter.run(DisposableBeanAdapter.java:195) ~[spring-beans-6.1.10.jar:6.1.10]
	at org.springframework.cloud.context.scope.GenericScope$BeanLifecycleWrapper.destroy(GenericScope.java:389) ~[spring-cloud-context-4.1.3.jar:4.1.3]
	at org.springframework.cloud.context.scope.GenericScope.destroy(GenericScope.java:136) ~[spring-cloud-context-4.1.3.jar:4.1.3]
	at org.springframework.beans.factory.support.DisposableBeanAdapter.destroy(DisposableBeanAdapter.java:211) ~[spring-beans-6.1.10.jar:6.1.10]
	at org.springframework.beans.factory.support.DefaultSingletonBeanRegistry.destroyBean(DefaultSingletonBeanRegistry.java:587) ~[spring-beans-6.1.10.jar:6.1.10]
	at org.springframework.beans.factory.support.DefaultSingletonBeanRegistry.destroySingleton(DefaultSingletonBeanRegistry.java:559) ~[spring-beans-6.1.10.jar:6.1.10]
	at org.springframework.beans.factory.support.DefaultListableBeanFactory.destroySingleton(DefaultListableBeanFactory.java:1202) ~[spring-beans-6.1.10.jar:6.1.10]
	at org.springframework.beans.factory.support.DefaultSingletonBeanRegistry.destroySingletons(DefaultSingletonBeanRegistry.java:520) ~[spring-beans-6.1.10.jar:6.1.10]
	at org.springframework.beans.factory.support.DefaultListableBeanFactory.destroySingletons(DefaultListableBeanFactory.java:1195) ~[spring-beans-6.1.10.jar:6.1.10]
	at org.springframework.context.support.AbstractApplicationContext.destroyBeans(AbstractApplicationContext.java:1186) ~[spring-context-6.1.10.jar:6.1.10]
	at org.springframework.context.support.AbstractApplicationContext.doClose(AbstractApplicationContext.java:1147) ~[spring-context-6.1.10.jar:6.1.10]
	at org.springframework.boot.web.servlet.context.ServletWebServerApplicationContext.doClose(ServletWebServerApplicationContext.java:174) ~[spring-boot-3.3.1.jar:3.3.1]
	at org.springframework.context.support.AbstractApplicationContext.close(AbstractApplicationContext.java:1093) ~[spring-context-6.1.10.jar:6.1.10]
	at org.springframework.boot.SpringApplicationShutdownHook.closeAndWait(SpringApplicationShutdownHook.java:145) ~[spring-boot-3.3.1.jar:3.3.1]
	at java.base/java.lang.Iterable.forEach(Iterable.java:75) ~[na:na]
	at org.springframework.boot.SpringApplicationShutdownHook.run(SpringApplicationShutdownHook.java:114) ~[spring-boot-3.3.1.jar:3.3.1]
	at java.base/java.lang.Thread.run(Thread.java:1570) ~[na:na]

2024-07-21T00:58:06.091+03:00  INFO 23136 --- [log-service] [SpringApplicationShutdownHook] com.netflix.discovery.DiscoveryClient    : Completed shut down of DiscoveryClient
