2024-07-21T00:00:46.233+03:00  INFO 17948 --- [discovery-client-service] [Eureka-EvictionTimer] c.n.e.registry.AbstractInstanceRegistry  : Running the evict task with compensationTime 10ms
2024-07-21T00:01:46.240+03:00  INFO 17948 --- [discovery-client-service] [Eureka-EvictionTimer] c.n.e.registry.AbstractInstanceRegistry  : Running the evict task with compensationTime 7ms
2024-07-21T00:02:46.252+03:00  INFO 17948 --- [discovery-client-service] [Eureka-EvictionTimer] c.n.e.registry.AbstractInstanceRegistry  : Running the evict task with compensationTime 11ms
2024-07-21T00:03:46.263+03:00  INFO 17948 --- [discovery-client-service] [Eureka-EvictionTimer] c.n.e.registry.AbstractInstanceRegistry  : Running the evict task with compensationTime 11ms
2024-07-21T00:04:46.265+03:00  INFO 17948 --- [discovery-client-service] [Eureka-EvictionTimer] c.n.e.registry.AbstractInstanceRegistry  : Running the evict task with compensationTime 2ms
2024-07-21T00:05:46.275+03:00  INFO 17948 --- [discovery-client-service] [Eureka-EvictionTimer] c.n.e.registry.AbstractInstanceRegistry  : Running the evict task with compensationTime 9ms
2024-07-21T00:06:46.285+03:00  INFO 17948 --- [discovery-client-service] [Eureka-EvictionTimer] c.n.e.registry.AbstractInstanceRegistry  : Running the evict task with compensationTime 10ms
2024-07-21T00:07:45.887+03:00  WARN 17948 --- [discovery-client-service] [Eureka-PeerNodesUpdater] c.n.eureka.cluster.PeerEurekaNodes       : The replica size seems to be empty. Check the route 53 DNS Registry
2024-07-21T00:07:46.287+03:00  INFO 17948 --- [discovery-client-service] [Eureka-EvictionTimer] c.n.e.registry.AbstractInstanceRegistry  : Running the evict task with compensationTime 1ms
2024-07-21T00:08:46.297+03:00  INFO 17948 --- [discovery-client-service] [Eureka-EvictionTimer] c.n.e.registry.AbstractInstanceRegistry  : Running the evict task with compensationTime 10ms
2024-07-21T00:09:46.297+03:00  INFO 17948 --- [discovery-client-service] [Eureka-EvictionTimer] c.n.e.registry.AbstractInstanceRegistry  : Running the evict task with compensationTime 0ms
2024-07-21T00:10:46.309+03:00  INFO 17948 --- [discovery-client-service] [Eureka-EvictionTimer] c.n.e.registry.AbstractInstanceRegistry  : Running the evict task with compensationTime 12ms
2024-07-21T00:11:46.324+03:00  INFO 17948 --- [discovery-client-service] [Eureka-EvictionTimer] c.n.e.registry.AbstractInstanceRegistry  : Running the evict task with compensationTime 14ms
2024-07-21T00:12:45.816+03:00  INFO 17948 --- [discovery-client-service] [ReplicaAwareInstanceRegistry - RenewalThresholdUpdater] c.n.e.r.PeerAwareInstanceRegistryImpl    : Current renewal threshold is : 11
2024-07-21T00:12:46.332+03:00  INFO 17948 --- [discovery-client-service] [Eureka-EvictionTimer] c.n.e.registry.AbstractInstanceRegistry  : Running the evict task with compensationTime 8ms
2024-07-21T00:13:46.348+03:00  INFO 17948 --- [discovery-client-service] [Eureka-EvictionTimer] c.n.e.registry.AbstractInstanceRegistry  : Running the evict task with compensationTime 15ms
2024-07-21T00:14:46.359+03:00  INFO 17948 --- [discovery-client-service] [Eureka-EvictionTimer] c.n.e.registry.AbstractInstanceRegistry  : Running the evict task with compensationTime 10ms
2024-07-21T00:15:46.364+03:00  INFO 17948 --- [discovery-client-service] [Eureka-EvictionTimer] c.n.e.registry.AbstractInstanceRegistry  : Running the evict task with compensationTime 5ms
2024-07-21T00:16:46.378+03:00  INFO 17948 --- [discovery-client-service] [Eureka-EvictionTimer] c.n.e.registry.AbstractInstanceRegistry  : Running the evict task with compensationTime 13ms
2024-07-21T00:17:45.905+03:00  WARN 17948 --- [discovery-client-service] [Eureka-PeerNodesUpdater] c.n.eureka.cluster.PeerEurekaNodes       : The replica size seems to be empty. Check the route 53 DNS Registry
2024-07-21T00:17:46.389+03:00  INFO 17948 --- [discovery-client-service] [Eureka-EvictionTimer] c.n.e.registry.AbstractInstanceRegistry  : Running the evict task with compensationTime 11ms
2024-07-21T00:18:46.396+03:00  INFO 17948 --- [discovery-client-service] [Eureka-EvictionTimer] c.n.e.registry.AbstractInstanceRegistry  : Running the evict task with compensationTime 6ms
2024-07-21T00:19:46.397+03:00  INFO 17948 --- [discovery-client-service] [Eureka-EvictionTimer] c.n.e.registry.AbstractInstanceRegistry  : Running the evict task with compensationTime 0ms
2024-07-21T00:20:46.401+03:00  INFO 17948 --- [discovery-client-service] [Eureka-EvictionTimer] c.n.e.registry.AbstractInstanceRegistry  : Running the evict task with compensationTime 2ms
2024-07-21T00:21:46.400+03:00  INFO 17948 --- [discovery-client-service] [Eureka-EvictionTimer] c.n.e.registry.AbstractInstanceRegistry  : Running the evict task with compensationTime 0ms
2024-07-21T00:22:46.412+03:00  INFO 17948 --- [discovery-client-service] [Eureka-EvictionTimer] c.n.e.registry.AbstractInstanceRegistry  : Running the evict task with compensationTime 13ms
2024-07-21T00:23:46.420+03:00  INFO 17948 --- [discovery-client-service] [Eureka-EvictionTimer] c.n.e.registry.AbstractInstanceRegistry  : Running the evict task with compensationTime 7ms
2024-07-21T00:24:46.426+03:00  INFO 17948 --- [discovery-client-service] [Eureka-EvictionTimer] c.n.e.registry.AbstractInstanceRegistry  : Running the evict task with compensationTime 5ms
2024-07-21T00:25:46.434+03:00  INFO 17948 --- [discovery-client-service] [Eureka-EvictionTimer] c.n.e.registry.AbstractInstanceRegistry  : Running the evict task with compensationTime 8ms
2024-07-21T00:26:46.438+03:00  INFO 17948 --- [discovery-client-service] [Eureka-EvictionTimer] c.n.e.registry.AbstractInstanceRegistry  : Running the evict task with compensationTime 3ms
2024-07-21T00:27:45.822+03:00  INFO 17948 --- [discovery-client-service] [ReplicaAwareInstanceRegistry - RenewalThresholdUpdater] c.n.e.r.PeerAwareInstanceRegistryImpl    : Current renewal threshold is : 11
2024-07-21T00:27:45.925+03:00  WARN 17948 --- [discovery-client-service] [Eureka-PeerNodesUpdater] c.n.eureka.cluster.PeerEurekaNodes       : The replica size seems to be empty. Check the route 53 DNS Registry
2024-07-21T00:27:46.443+03:00  INFO 17948 --- [discovery-client-service] [Eureka-EvictionTimer] c.n.e.registry.AbstractInstanceRegistry  : Running the evict task with compensationTime 4ms
2024-07-21T00:28:46.445+03:00  INFO 17948 --- [discovery-client-service] [Eureka-EvictionTimer] c.n.e.registry.AbstractInstanceRegistry  : Running the evict task with compensationTime 1ms
2024-07-21T00:29:46.456+03:00  INFO 17948 --- [discovery-client-service] [Eureka-EvictionTimer] c.n.e.registry.AbstractInstanceRegistry  : Running the evict task with compensationTime 11ms
2024-07-21T00:30:46.464+03:00  INFO 17948 --- [discovery-client-service] [Eureka-EvictionTimer] c.n.e.registry.AbstractInstanceRegistry  : Running the evict task with compensationTime 8ms
2024-07-21T00:31:46.476+03:00  INFO 17948 --- [discovery-client-service] [Eureka-EvictionTimer] c.n.e.registry.AbstractInstanceRegistry  : Running the evict task with compensationTime 12ms
2024-07-21T00:32:46.490+03:00  INFO 17948 --- [discovery-client-service] [Eureka-EvictionTimer] c.n.e.registry.AbstractInstanceRegistry  : Running the evict task with compensationTime 13ms
2024-07-21T00:33:46.503+03:00  INFO 17948 --- [discovery-client-service] [Eureka-EvictionTimer] c.n.e.registry.AbstractInstanceRegistry  : Running the evict task with compensationTime 12ms
2024-07-21T00:34:46.513+03:00  INFO 17948 --- [discovery-client-service] [Eureka-EvictionTimer] c.n.e.registry.AbstractInstanceRegistry  : Running the evict task with compensationTime 10ms
2024-07-21T00:35:46.518+03:00  INFO 17948 --- [discovery-client-service] [Eureka-EvictionTimer] c.n.e.registry.AbstractInstanceRegistry  : Running the evict task with compensationTime 4ms
2024-07-21T00:36:46.521+03:00  INFO 17948 --- [discovery-client-service] [Eureka-EvictionTimer] c.n.e.registry.AbstractInstanceRegistry  : Running the evict task with compensationTime 3ms
2024-07-21T00:37:45.934+03:00  WARN 17948 --- [discovery-client-service] [Eureka-PeerNodesUpdater] c.n.eureka.cluster.PeerEurekaNodes       : The replica size seems to be empty. Check the route 53 DNS Registry
2024-07-21T00:37:46.522+03:00  INFO 17948 --- [discovery-client-service] [Eureka-EvictionTimer] c.n.e.registry.AbstractInstanceRegistry  : Running the evict task with compensationTime 0ms
2024-07-21T00:38:46.536+03:00  INFO 17948 --- [discovery-client-service] [Eureka-EvictionTimer] c.n.e.registry.AbstractInstanceRegistry  : Running the evict task with compensationTime 14ms
2024-07-21T00:39:46.542+03:00  INFO 17948 --- [discovery-client-service] [Eureka-EvictionTimer] c.n.e.registry.AbstractInstanceRegistry  : Running the evict task with compensationTime 5ms
2024-07-21T00:40:46.553+03:00  INFO 17948 --- [discovery-client-service] [Eureka-EvictionTimer] c.n.e.registry.AbstractInstanceRegistry  : Running the evict task with compensationTime 11ms
2024-07-21T00:41:46.566+03:00  INFO 17948 --- [discovery-client-service] [Eureka-EvictionTimer] c.n.e.registry.AbstractInstanceRegistry  : Running the evict task with compensationTime 12ms
2024-07-21T00:42:45.820+03:00  INFO 17948 --- [discovery-client-service] [ReplicaAwareInstanceRegistry - RenewalThresholdUpdater] c.n.e.r.PeerAwareInstanceRegistryImpl    : Current renewal threshold is : 11
2024-07-21T00:42:46.579+03:00  INFO 17948 --- [discovery-client-service] [Eureka-EvictionTimer] c.n.e.registry.AbstractInstanceRegistry  : Running the evict task with compensationTime 13ms
2024-07-21T00:43:46.587+03:00  INFO 17948 --- [discovery-client-service] [Eureka-EvictionTimer] c.n.e.registry.AbstractInstanceRegistry  : Running the evict task with compensationTime 8ms
2024-07-21T00:44:46.589+03:00  INFO 17948 --- [discovery-client-service] [Eureka-EvictionTimer] c.n.e.registry.AbstractInstanceRegistry  : Running the evict task with compensationTime 1ms
2024-07-21T00:45:46.600+03:00  INFO 17948 --- [discovery-client-service] [Eureka-EvictionTimer] c.n.e.registry.AbstractInstanceRegistry  : Running the evict task with compensationTime 11ms
2024-07-21T00:46:46.614+03:00  INFO 17948 --- [discovery-client-service] [Eureka-EvictionTimer] c.n.e.registry.AbstractInstanceRegistry  : Running the evict task with compensationTime 13ms
2024-07-21T00:47:45.947+03:00  WARN 17948 --- [discovery-client-service] [Eureka-PeerNodesUpdater] c.n.eureka.cluster.PeerEurekaNodes       : The replica size seems to be empty. Check the route 53 DNS Registry
2024-07-21T00:47:46.623+03:00  INFO 17948 --- [discovery-client-service] [Eureka-EvictionTimer] c.n.e.registry.AbstractInstanceRegistry  : Running the evict task with compensationTime 8ms
2024-07-21T00:48:46.633+03:00  INFO 17948 --- [discovery-client-service] [Eureka-EvictionTimer] c.n.e.registry.AbstractInstanceRegistry  : Running the evict task with compensationTime 10ms
2024-07-21T00:49:46.645+03:00  INFO 17948 --- [discovery-client-service] [Eureka-EvictionTimer] c.n.e.registry.AbstractInstanceRegistry  : Running the evict task with compensationTime 11ms
2024-07-21T00:50:46.655+03:00  INFO 17948 --- [discovery-client-service] [Eureka-EvictionTimer] c.n.e.registry.AbstractInstanceRegistry  : Running the evict task with compensationTime 10ms
2024-07-21T00:51:46.662+03:00  INFO 17948 --- [discovery-client-service] [Eureka-EvictionTimer] c.n.e.registry.AbstractInstanceRegistry  : Running the evict task with compensationTime 6ms
2024-07-21T00:52:46.688+03:00  INFO 17948 --- [discovery-client-service] [Eureka-EvictionTimer] c.n.e.registry.AbstractInstanceRegistry  : Running the evict task with compensationTime 25ms
2024-07-21T00:53:46.700+03:00  INFO 17948 --- [discovery-client-service] [Eureka-EvictionTimer] c.n.e.registry.AbstractInstanceRegistry  : Running the evict task with compensationTime 12ms
2024-07-21T00:54:46.711+03:00  INFO 17948 --- [discovery-client-service] [Eureka-EvictionTimer] c.n.e.registry.AbstractInstanceRegistry  : Running the evict task with compensationTime 11ms
2024-07-21T00:55:46.726+03:00  INFO 17948 --- [discovery-client-service] [Eureka-EvictionTimer] c.n.e.registry.AbstractInstanceRegistry  : Running the evict task with compensationTime 14ms
2024-07-21T00:56:46.730+03:00  INFO 17948 --- [discovery-client-service] [Eureka-EvictionTimer] c.n.e.registry.AbstractInstanceRegistry  : Running the evict task with compensationTime 4ms
2024-07-21T00:57:45.828+03:00  INFO 17948 --- [discovery-client-service] [ReplicaAwareInstanceRegistry - RenewalThresholdUpdater] c.n.e.r.PeerAwareInstanceRegistryImpl    : Current renewal threshold is : 11
2024-07-21T00:57:45.952+03:00  WARN 17948 --- [discovery-client-service] [Eureka-PeerNodesUpdater] c.n.eureka.cluster.PeerEurekaNodes       : The replica size seems to be empty. Check the route 53 DNS Registry
2024-07-21T00:57:46.739+03:00  INFO 17948 --- [discovery-client-service] [Eureka-EvictionTimer] c.n.e.registry.AbstractInstanceRegistry  : Running the evict task with compensationTime 8ms
2024-07-21T00:58:01.440+03:00  INFO 17948 --- [discovery-client-service] [http-nio-8761-exec-2] c.n.e.registry.AbstractInstanceRegistry  : Registered instance ORDER-SERVICE/DESKTOP-AV28T9D.mshome.net:order-service:8084 with status DOWN (replication=false)
2024-07-21T00:58:01.441+03:00  INFO 17948 --- [discovery-client-service] [http-nio-8761-exec-4] c.n.e.registry.AbstractInstanceRegistry  : Registered instance LOG-SERVICE/DESKTOP-AV28T9D.mshome.net:log-service:8085 with status DOWN (replication=false)
2024-07-21T00:58:01.440+03:00  INFO 17948 --- [discovery-client-service] [http-nio-8761-exec-1] c.n.e.registry.AbstractInstanceRegistry  : Registered instance PHOTO-SERVICE/DESKTOP-AV28T9D.mshome.net:photo-service:8082 with status DOWN (replication=false)
2024-07-21T00:58:01.462+03:00  INFO 17948 --- [discovery-client-service] [http-nio-8761-exec-9] c.n.e.registry.AbstractInstanceRegistry  : Registered instance AUTH-SERVICE/DESKTOP-AV28T9D.mshome.net:auth-service:8080 with status DOWN (replication=false)
2024-07-21T00:58:01.507+03:00  INFO 17948 --- [discovery-client-service] [http-nio-8761-exec-5] c.n.e.registry.AbstractInstanceRegistry  : Registered instance ADVERT-SERVICE/DESKTOP-AV28T9D.mshome.net:advert-service:8083 with status DOWN (replication=false)
2024-07-21T00:58:01.558+03:00  INFO 17948 --- [discovery-client-service] [http-nio-8761-exec-6] c.n.e.registry.AbstractInstanceRegistry  : Registered instance USER-SERVICE/DESKTOP-AV28T9D.mshome.net:user-service:8081 with status DOWN (replication=false)
2024-07-21T00:58:01.564+03:00  INFO 17948 --- [discovery-client-service] [SpringApplicationShutdownHook] o.s.c.n.e.s.EurekaServiceRegistry        : Unregistering application DISCOVERY-CLIENT-SERVICE with eureka with status DOWN
2024-07-21T00:58:02.666+03:00  INFO 17948 --- [discovery-client-service] [SpringApplicationShutdownHook] o.s.c.n.e.server.EurekaServerBootstrap   : Shutting down Eureka Server..
2024-07-21T00:58:02.728+03:00  INFO 17948 --- [discovery-client-service] [SpringApplicationShutdownHook] c.n.eureka.DefaultEurekaServerContext    : Shutting down ...
2024-07-21T00:58:03.107+03:00  INFO 17948 --- [discovery-client-service] [SpringApplicationShutdownHook] c.n.eureka.DefaultEurekaServerContext    : Shut down
2024-07-21T00:58:03.108+03:00  INFO 17948 --- [discovery-client-service] [SpringApplicationShutdownHook] o.s.c.n.e.server.EurekaServerBootstrap   : Eureka Service is now shutdown...
2024-07-21T00:58:03.168+03:00  INFO 17948 --- [discovery-client-service] [SpringApplicationShutdownHook] c.n.eureka.DefaultEurekaServerContext    : Shutting down ...
2024-07-21T00:58:03.240+03:00  INFO 17948 --- [discovery-client-service] [SpringApplicationShutdownHook] c.n.eureka.DefaultEurekaServerContext    : Shut down
2024-07-21T00:58:03.369+03:00  INFO 17948 --- [discovery-client-service] [SpringApplicationShutdownHook] com.netflix.discovery.DiscoveryClient    : Shutting down DiscoveryClient ...
2024-07-21T00:58:03.406+03:00  INFO 17948 --- [discovery-client-service] [SpringApplicationShutdownHook] com.netflix.discovery.DiscoveryClient    : Completed shut down of DiscoveryClient
