2024-07-15T06:57:20.072+03:00  INFO 25488 --- [discovery-client-service] [main] d.DiscoveryClientServiceApplicationTests : Starting DiscoveryClientServiceApplicationTests using Java 22.0.1 with PID 25488 (started by emree in D:\workspace\java\fmss-bootcamp-final-project\real-estate-microservices\discovery-client-service)
2024-07-15T06:57:20.076+03:00  INFO 25488 --- [discovery-client-service] [main] d.DiscoveryClientServiceApplicationTests : No active profile set, falling back to 1 default profile: "default"
2024-07-15T06:57:21.728+03:00  INFO 25488 --- [discovery-client-service] [main] o.s.cloud.context.scope.GenericScope     : BeanFactory id=8bfc362b-f695-343f-a43d-ef6f0ac0afe8
2024-07-15T06:57:21.868+03:00  WARN 25488 --- [discovery-client-service] [main] trationDelegate$BeanPostProcessorChecker : Bean 'org.springframework.cloud.client.loadbalancer.LoadBalancerAutoConfiguration$DeferringLoadBalancerInterceptorConfig' of type [org.springframework.cloud.client.loadbalancer.LoadBalancerAutoConfiguration$DeferringLoadBalancerInterceptorConfig] is not eligible for getting processed by all BeanPostProcessors (for example: not eligible for auto-proxying). The currently created BeanPostProcessor [lbRestClientPostProcessor] is declared through a non-static factory method on that class; consider declaring it as static instead.
2024-07-15T06:57:21.872+03:00  WARN 25488 --- [discovery-client-service] [main] trationDelegate$BeanPostProcessorChecker : Bean 'deferringLoadBalancerInterceptor' of type [org.springframework.cloud.client.loadbalancer.DeferringLoadBalancerInterceptor] is not eligible for getting processed by all BeanPostProcessors (for example: not eligible for auto-proxying). Is this bean getting eagerly injected into a currently created BeanPostProcessor [lbRestClientPostProcessor]? Check the corresponding BeanPostProcessor declaration and its dependencies.
2024-07-15T06:57:23.540+03:00  WARN 25488 --- [discovery-client-service] [main] iguration$LoadBalancerCaffeineWarnLogger : Spring Cloud LoadBalancer is currently working with the default cache. While this cache implementation is useful for development and tests, it's recommended to use Caffeine cache in production.You can switch to using Caffeine cache, by adding it and org.springframework.cache.caffeine.CaffeineCacheManager to the classpath.
2024-07-15T06:57:23.843+03:00  INFO 25488 --- [discovery-client-service] [main] o.s.c.n.eureka.InstanceInfoFactory       : Setting initial instance status as: STARTING
2024-07-15T06:57:23.877+03:00  INFO 25488 --- [discovery-client-service] [main] com.netflix.discovery.DiscoveryClient    : Initializing Eureka in region us-east-1
2024-07-15T06:57:23.878+03:00  INFO 25488 --- [discovery-client-service] [main] com.netflix.discovery.DiscoveryClient    : Client configured to neither register nor query for data.
2024-07-15T06:57:23.887+03:00  INFO 25488 --- [discovery-client-service] [main] com.netflix.discovery.DiscoveryClient    : Discovery Client initialized at timestamp 1721015843886 with initial instances count: 0
2024-07-15T06:57:23.952+03:00  INFO 25488 --- [discovery-client-service] [main] c.n.eureka.DefaultEurekaServerContext    : Initializing ...
2024-07-15T06:57:23.956+03:00  WARN 25488 --- [discovery-client-service] [main] c.n.eureka.cluster.PeerEurekaNodes       : The replica size seems to be empty. Check the route 53 DNS Registry
2024-07-15T06:57:24.147+03:00  INFO 25488 --- [discovery-client-service] [main] c.n.e.registry.AbstractInstanceRegistry  : Finished initializing remote region registries. All known remote regions: []
2024-07-15T06:57:24.149+03:00  INFO 25488 --- [discovery-client-service] [main] c.n.eureka.DefaultEurekaServerContext    : Initialized
2024-07-15T06:57:24.317+03:00  INFO 25488 --- [discovery-client-service] [main] o.s.b.a.e.web.EndpointLinksResolver      : Exposing 18 endpoints beneath base path '/actuator'
2024-07-15T06:57:24.395+03:00  INFO 25488 --- [discovery-client-service] [main] o.s.c.n.e.s.EurekaServiceRegistry        : Registering application DISCOVERY-CLIENT-SERVICE with eureka with status UP
2024-07-15T06:57:24.414+03:00  INFO 25488 --- [discovery-client-service] [Thread-11] o.s.c.n.e.server.EurekaServerBootstrap   : isAws returned false
2024-07-15T06:57:24.415+03:00  INFO 25488 --- [discovery-client-service] [Thread-11] o.s.c.n.e.server.EurekaServerBootstrap   : Initialized server context
2024-07-15T06:57:24.416+03:00  INFO 25488 --- [discovery-client-service] [Thread-11] c.n.e.r.PeerAwareInstanceRegistryImpl    : Got 1 instances from neighboring DS node
2024-07-15T06:57:24.417+03:00  INFO 25488 --- [discovery-client-service] [Thread-11] c.n.e.r.PeerAwareInstanceRegistryImpl    : Renew threshold is: 1
2024-07-15T06:57:24.417+03:00  INFO 25488 --- [discovery-client-service] [Thread-11] c.n.e.r.PeerAwareInstanceRegistryImpl    : Changing status to UP
2024-07-15T06:57:24.430+03:00  INFO 25488 --- [discovery-client-service] [main] d.DiscoveryClientServiceApplicationTests : Started DiscoveryClientServiceApplicationTests in 5.02 seconds (process running for 6.588)
2024-07-15T06:57:24.434+03:00  INFO 25488 --- [discovery-client-service] [Thread-11] e.s.EurekaServerInitializerConfiguration : Started Eureka Server
2024-07-15T06:57:25.686+03:00  INFO 25488 --- [discovery-client-service] [SpringApplicationShutdownHook] o.s.c.n.e.s.EurekaServiceRegistry        : Unregistering application DISCOVERY-CLIENT-SERVICE with eureka with status DOWN
2024-07-15T06:57:25.688+03:00  INFO 25488 --- [discovery-client-service] [SpringApplicationShutdownHook] o.s.c.n.e.server.EurekaServerBootstrap   : Shutting down Eureka Server..
2024-07-15T06:57:25.697+03:00  INFO 25488 --- [discovery-client-service] [SpringApplicationShutdownHook] c.n.eureka.DefaultEurekaServerContext    : Shutting down ...
2024-07-15T06:57:25.717+03:00  INFO 25488 --- [discovery-client-service] [SpringApplicationShutdownHook] c.n.eureka.DefaultEurekaServerContext    : Shut down
2024-07-15T06:57:25.718+03:00  INFO 25488 --- [discovery-client-service] [SpringApplicationShutdownHook] o.s.c.n.e.server.EurekaServerBootstrap   : Eureka Service is now shutdown...
2024-07-15T06:57:25.718+03:00  INFO 25488 --- [discovery-client-service] [SpringApplicationShutdownHook] c.n.eureka.DefaultEurekaServerContext    : Shutting down ...
2024-07-15T06:57:25.726+03:00  INFO 25488 --- [discovery-client-service] [SpringApplicationShutdownHook] c.n.eureka.DefaultEurekaServerContext    : Shut down
2024-07-15T06:57:25.738+03:00  INFO 25488 --- [discovery-client-service] [SpringApplicationShutdownHook] com.netflix.discovery.DiscoveryClient    : Shutting down DiscoveryClient ...
2024-07-15T06:57:25.739+03:00  INFO 25488 --- [discovery-client-service] [SpringApplicationShutdownHook] com.netflix.discovery.DiscoveryClient    : Completed shut down of DiscoveryClient
