2024-07-13T03:40:11.577+03:00  INFO 8596 --- [advert-service] [main] u.a.AdvertServiceApplicationTests        : Starting AdvertServiceApplicationTests using Java 22.0.1 with PID 8596 (started by emree in D:\workspace\java\fmss-bootcamp-final-project\real-estate-microservices\advert-service)
2024-07-13T03:40:11.579+03:00  INFO 8596 --- [advert-service] [main] u.a.AdvertServiceApplicationTests        : No active profile set, falling back to 1 default profile: "default"
2024-07-13T03:40:13.431+03:00  INFO 8596 --- [advert-service] [main] .s.d.r.c.RepositoryConfigurationDelegate : Bootstrapping Spring Data JPA repositories in DEFAULT mode.
2024-07-13T03:40:13.619+03:00  INFO 8596 --- [advert-service] [main] .s.d.r.c.RepositoryConfigurationDelegate : Finished Spring Data repository scanning in 172 ms. Found 2 JPA repository interfaces.
2024-07-13T03:40:13.994+03:00  INFO 8596 --- [advert-service] [main] o.s.cloud.context.scope.GenericScope     : BeanFactory id=7583a7e5-1a19-3316-9d6b-f73737577816
2024-07-13T03:40:14.530+03:00  WARN 8596 --- [advert-service] [main] trationDelegate$BeanPostProcessorChecker : Bean 'org.springframework.cloud.client.loadbalancer.LoadBalancerAutoConfiguration$DeferringLoadBalancerInterceptorConfig' of type [org.springframework.cloud.client.loadbalancer.LoadBalancerAutoConfiguration$DeferringLoadBalancerInterceptorConfig] is not eligible for getting processed by all BeanPostProcessors (for example: not eligible for auto-proxying). The currently created BeanPostProcessor [lbRestClientPostProcessor] is declared through a non-static factory method on that class; consider declaring it as static instead.
2024-07-13T03:40:14.536+03:00  WARN 8596 --- [advert-service] [main] trationDelegate$BeanPostProcessorChecker : Bean 'deferringLoadBalancerInterceptor' of type [org.springframework.cloud.client.loadbalancer.DeferringLoadBalancerInterceptor] is not eligible for getting processed by all BeanPostProcessors (for example: not eligible for auto-proxying). Is this bean getting eagerly injected into a currently created BeanPostProcessor [lbRestClientPostProcessor]? Check the corresponding BeanPostProcessor declaration and its dependencies.
2024-07-13T03:40:14.806+03:00  INFO 8596 --- [advert-service] [main] o.hibernate.jpa.internal.util.LogHelper  : HHH000204: Processing PersistenceUnitInfo [name: default]
2024-07-13T03:40:14.915+03:00  INFO 8596 --- [advert-service] [main] org.hibernate.Version                    : HHH000412: Hibernate ORM core version 6.5.2.Final
2024-07-13T03:40:14.967+03:00  INFO 8596 --- [advert-service] [main] o.h.c.internal.RegionFactoryInitiator    : HHH000026: Second-level cache disabled
2024-07-13T03:40:15.478+03:00  INFO 8596 --- [advert-service] [main] o.s.o.j.p.SpringPersistenceUnitInfo      : No LoadTimeWeaver setup: ignoring JPA class transformer
2024-07-13T03:40:15.518+03:00  INFO 8596 --- [advert-service] [main] com.zaxxer.hikari.HikariDataSource       : HikariPool-1 - Starting...
2024-07-13T03:40:15.821+03:00  INFO 8596 --- [advert-service] [main] com.zaxxer.hikari.pool.HikariPool        : HikariPool-1 - Added connection org.postgresql.jdbc.PgConnection@b2d8dcd
2024-07-13T03:40:15.824+03:00  INFO 8596 --- [advert-service] [main] com.zaxxer.hikari.HikariDataSource       : HikariPool-1 - Start completed.
2024-07-13T03:40:15.878+03:00  WARN 8596 --- [advert-service] [main] org.hibernate.orm.deprecation            : HHH90000025: PostgreSQLDialect does not need to be specified explicitly using 'hibernate.dialect' (remove the property setting and it will be selected by default)
2024-07-13T03:40:17.081+03:00  INFO 8596 --- [advert-service] [main] o.h.e.t.j.p.i.JtaPlatformInitiator       : HHH000489: No JTA platform available (set 'hibernate.transaction.jta.platform' to enable JTA platform integration)
2024-07-13T03:40:17.175+03:00  INFO 8596 --- [advert-service] [main] j.LocalContainerEntityManagerFactoryBean : Initialized JPA EntityManagerFactory for persistence unit 'default'
2024-07-13T03:40:17.995+03:00  WARN 8596 --- [advert-service] [main] JpaBaseConfiguration$JpaWebConfiguration : spring.jpa.open-in-view is enabled by default. Therefore, database queries may be performed during view rendering. Explicitly configure spring.jpa.open-in-view to disable this warning
2024-07-13T03:40:19.709+03:00  INFO 8596 --- [advert-service] [main] DiscoveryClientOptionalArgsConfiguration : Eureka HTTP Client uses RestTemplate.
2024-07-13T03:40:19.825+03:00  WARN 8596 --- [advert-service] [main] iguration$LoadBalancerCaffeineWarnLogger : Spring Cloud LoadBalancer is currently working with the default cache. While this cache implementation is useful for development and tests, it's recommended to use Caffeine cache in production.You can switch to using Caffeine cache, by adding it and org.springframework.cache.caffeine.CaffeineCacheManager to the classpath.
2024-07-13T03:40:19.864+03:00  INFO 8596 --- [advert-service] [main] o.s.b.a.e.web.EndpointLinksResolver      : Exposing 1 endpoint beneath base path '/actuator'
2024-07-13T03:40:19.951+03:00  INFO 8596 --- [advert-service] [main] o.s.c.n.eureka.InstanceInfoFactory       : Setting initial instance status as: STARTING
2024-07-13T03:40:20.109+03:00  INFO 8596 --- [advert-service] [main] com.netflix.discovery.DiscoveryClient    : Initializing Eureka in region us-east-1
2024-07-13T03:40:20.116+03:00  INFO 8596 --- [advert-service] [main] c.n.d.s.r.aws.ConfigClusterResolver      : Resolving eureka endpoints via configuration
2024-07-13T03:40:20.154+03:00  INFO 8596 --- [advert-service] [main] com.netflix.discovery.DiscoveryClient    : Disable delta property : false
2024-07-13T03:40:20.155+03:00  INFO 8596 --- [advert-service] [main] com.netflix.discovery.DiscoveryClient    : Single vip registry refresh property : null
2024-07-13T03:40:20.155+03:00  INFO 8596 --- [advert-service] [main] com.netflix.discovery.DiscoveryClient    : Force full registry fetch : false
2024-07-13T03:40:20.155+03:00  INFO 8596 --- [advert-service] [main] com.netflix.discovery.DiscoveryClient    : Application is null : false
2024-07-13T03:40:20.155+03:00  INFO 8596 --- [advert-service] [main] com.netflix.discovery.DiscoveryClient    : Registered Applications size is zero : true
2024-07-13T03:40:20.155+03:00  INFO 8596 --- [advert-service] [main] com.netflix.discovery.DiscoveryClient    : Application version is -1: true
2024-07-13T03:40:20.155+03:00  INFO 8596 --- [advert-service] [main] com.netflix.discovery.DiscoveryClient    : Getting all instance registry info from the eureka server
2024-07-13T03:40:20.639+03:00  INFO 8596 --- [advert-service] [main] com.netflix.discovery.DiscoveryClient    : The response status is 200
2024-07-13T03:40:20.641+03:00  INFO 8596 --- [advert-service] [main] com.netflix.discovery.DiscoveryClient    : Starting heartbeat executor: renew interval is: 30
2024-07-13T03:40:20.644+03:00  INFO 8596 --- [advert-service] [main] c.n.discovery.InstanceInfoReplicator     : InstanceInfoReplicator onDemand update allowed rate per min is 4
2024-07-13T03:40:20.652+03:00  INFO 8596 --- [advert-service] [main] com.netflix.discovery.DiscoveryClient    : Discovery Client initialized at timestamp 1720831220651 with initial instances count: 0
2024-07-13T03:40:20.658+03:00  INFO 8596 --- [advert-service] [main] o.s.c.n.e.s.EurekaServiceRegistry        : Registering application ADVERT-SERVICE with eureka with status UP
2024-07-13T03:40:20.661+03:00  INFO 8596 --- [advert-service] [main] com.netflix.discovery.DiscoveryClient    : Saw local status change event StatusChangeEvent [timestamp=1720831220661, current=UP, previous=STARTING]
2024-07-13T03:40:20.664+03:00  INFO 8596 --- [advert-service] [DiscoveryClient-InstanceInfoReplicator-0] com.netflix.discovery.DiscoveryClient    : DiscoveryClient_ADVERT-SERVICE/host.docker.internal:advert-service:8083: registering service...
2024-07-13T03:40:20.701+03:00  INFO 8596 --- [advert-service] [main] u.a.AdvertServiceApplicationTests        : Started AdvertServiceApplicationTests in 9.747 seconds (process running for 11.166)
2024-07-13T03:40:20.743+03:00  INFO 8596 --- [advert-service] [DiscoveryClient-InstanceInfoReplicator-0] com.netflix.discovery.DiscoveryClient    : DiscoveryClient_ADVERT-SERVICE/host.docker.internal:advert-service:8083 - registration status: 204
2024-07-13T03:40:21.452+03:00  INFO 8596 --- [advert-service] [SpringApplicationShutdownHook] o.s.c.n.e.s.EurekaServiceRegistry        : Unregistering application ADVERT-SERVICE with eureka with status DOWN
2024-07-13T03:40:21.453+03:00  INFO 8596 --- [advert-service] [SpringApplicationShutdownHook] com.netflix.discovery.DiscoveryClient    : Saw local status change event StatusChangeEvent [timestamp=1720831221453, current=DOWN, previous=UP]
2024-07-13T03:40:21.454+03:00  INFO 8596 --- [advert-service] [DiscoveryClient-InstanceInfoReplicator-0] com.netflix.discovery.DiscoveryClient    : DiscoveryClient_ADVERT-SERVICE/host.docker.internal:advert-service:8083: registering service...
2024-07-13T03:40:21.464+03:00  INFO 8596 --- [advert-service] [DiscoveryClient-InstanceInfoReplicator-0] com.netflix.discovery.DiscoveryClient    : DiscoveryClient_ADVERT-SERVICE/host.docker.internal:advert-service:8083 - registration status: 204
2024-07-13T03:40:21.470+03:00  INFO 8596 --- [advert-service] [SpringApplicationShutdownHook] j.LocalContainerEntityManagerFactoryBean : Closing JPA EntityManagerFactory for persistence unit 'default'
2024-07-13T03:40:21.473+03:00  INFO 8596 --- [advert-service] [SpringApplicationShutdownHook] com.zaxxer.hikari.HikariDataSource       : HikariPool-1 - Shutdown initiated...
2024-07-13T03:40:21.487+03:00  INFO 8596 --- [advert-service] [SpringApplicationShutdownHook] com.zaxxer.hikari.HikariDataSource       : HikariPool-1 - Shutdown completed.
2024-07-13T03:40:21.488+03:00  INFO 8596 --- [advert-service] [SpringApplicationShutdownHook] com.netflix.discovery.DiscoveryClient    : Shutting down DiscoveryClient ...
2024-07-13T03:40:24.491+03:00  INFO 8596 --- [advert-service] [SpringApplicationShutdownHook] com.netflix.discovery.DiscoveryClient    : Unregistering ...
2024-07-13T03:40:24.510+03:00  INFO 8596 --- [advert-service] [SpringApplicationShutdownHook] com.netflix.discovery.DiscoveryClient    : DiscoveryClient_ADVERT-SERVICE/host.docker.internal:advert-service:8083 - deregister  status: 200
2024-07-13T03:40:24.517+03:00  INFO 8596 --- [advert-service] [SpringApplicationShutdownHook] com.netflix.discovery.DiscoveryClient    : Completed shut down of DiscoveryClient
2024-07-13T03:43:29.467+03:00  INFO 1988 --- [advert-service] [main] u.a.AdvertServiceApplicationTests        : Starting AdvertServiceApplicationTests using Java 22.0.1 with PID 1988 (started by emree in D:\workspace\java\fmss-bootcamp-final-project\real-estate-microservices\advert-service)
2024-07-13T03:43:29.469+03:00  INFO 1988 --- [advert-service] [main] u.a.AdvertServiceApplicationTests        : No active profile set, falling back to 1 default profile: "default"
2024-07-13T03:43:31.180+03:00  INFO 1988 --- [advert-service] [main] .s.d.r.c.RepositoryConfigurationDelegate : Bootstrapping Spring Data JPA repositories in DEFAULT mode.
2024-07-13T03:43:31.355+03:00  INFO 1988 --- [advert-service] [main] .s.d.r.c.RepositoryConfigurationDelegate : Finished Spring Data repository scanning in 165 ms. Found 2 JPA repository interfaces.
2024-07-13T03:43:31.719+03:00  INFO 1988 --- [advert-service] [main] o.s.cloud.context.scope.GenericScope     : BeanFactory id=7583a7e5-1a19-3316-9d6b-f73737577816
2024-07-13T03:43:32.205+03:00  WARN 1988 --- [advert-service] [main] trationDelegate$BeanPostProcessorChecker : Bean 'org.springframework.cloud.client.loadbalancer.LoadBalancerAutoConfiguration$DeferringLoadBalancerInterceptorConfig' of type [org.springframework.cloud.client.loadbalancer.LoadBalancerAutoConfiguration$DeferringLoadBalancerInterceptorConfig] is not eligible for getting processed by all BeanPostProcessors (for example: not eligible for auto-proxying). The currently created BeanPostProcessor [lbRestClientPostProcessor] is declared through a non-static factory method on that class; consider declaring it as static instead.
2024-07-13T03:43:32.210+03:00  WARN 1988 --- [advert-service] [main] trationDelegate$BeanPostProcessorChecker : Bean 'deferringLoadBalancerInterceptor' of type [org.springframework.cloud.client.loadbalancer.DeferringLoadBalancerInterceptor] is not eligible for getting processed by all BeanPostProcessors (for example: not eligible for auto-proxying). Is this bean getting eagerly injected into a currently created BeanPostProcessor [lbRestClientPostProcessor]? Check the corresponding BeanPostProcessor declaration and its dependencies.
2024-07-13T03:43:32.495+03:00  INFO 1988 --- [advert-service] [main] o.hibernate.jpa.internal.util.LogHelper  : HHH000204: Processing PersistenceUnitInfo [name: default]
2024-07-13T03:43:32.626+03:00  INFO 1988 --- [advert-service] [main] org.hibernate.Version                    : HHH000412: Hibernate ORM core version 6.5.2.Final
2024-07-13T03:43:32.676+03:00  INFO 1988 --- [advert-service] [main] o.h.c.internal.RegionFactoryInitiator    : HHH000026: Second-level cache disabled
2024-07-13T03:43:33.208+03:00  INFO 1988 --- [advert-service] [main] o.s.o.j.p.SpringPersistenceUnitInfo      : No LoadTimeWeaver setup: ignoring JPA class transformer
2024-07-13T03:43:33.254+03:00  INFO 1988 --- [advert-service] [main] com.zaxxer.hikari.HikariDataSource       : HikariPool-1 - Starting...
2024-07-13T03:43:33.546+03:00  INFO 1988 --- [advert-service] [main] com.zaxxer.hikari.pool.HikariPool        : HikariPool-1 - Added connection org.postgresql.jdbc.PgConnection@73a116d
2024-07-13T03:43:33.549+03:00  INFO 1988 --- [advert-service] [main] com.zaxxer.hikari.HikariDataSource       : HikariPool-1 - Start completed.
2024-07-13T03:43:33.597+03:00  WARN 1988 --- [advert-service] [main] org.hibernate.orm.deprecation            : HHH90000025: PostgreSQLDialect does not need to be specified explicitly using 'hibernate.dialect' (remove the property setting and it will be selected by default)
2024-07-13T03:43:34.695+03:00  INFO 1988 --- [advert-service] [main] o.h.e.t.j.p.i.JtaPlatformInitiator       : HHH000489: No JTA platform available (set 'hibernate.transaction.jta.platform' to enable JTA platform integration)
2024-07-13T03:43:34.791+03:00  INFO 1988 --- [advert-service] [main] j.LocalContainerEntityManagerFactoryBean : Initialized JPA EntityManagerFactory for persistence unit 'default'
2024-07-13T03:43:35.521+03:00  WARN 1988 --- [advert-service] [main] JpaBaseConfiguration$JpaWebConfiguration : spring.jpa.open-in-view is enabled by default. Therefore, database queries may be performed during view rendering. Explicitly configure spring.jpa.open-in-view to disable this warning
2024-07-13T03:43:36.801+03:00  INFO 1988 --- [advert-service] [main] DiscoveryClientOptionalArgsConfiguration : Eureka HTTP Client uses RestTemplate.
2024-07-13T03:43:36.892+03:00  WARN 1988 --- [advert-service] [main] iguration$LoadBalancerCaffeineWarnLogger : Spring Cloud LoadBalancer is currently working with the default cache. While this cache implementation is useful for development and tests, it's recommended to use Caffeine cache in production.You can switch to using Caffeine cache, by adding it and org.springframework.cache.caffeine.CaffeineCacheManager to the classpath.
2024-07-13T03:43:36.910+03:00  INFO 1988 --- [advert-service] [main] o.s.b.a.e.web.EndpointLinksResolver      : Exposing 1 endpoint beneath base path '/actuator'
2024-07-13T03:43:37.034+03:00  INFO 1988 --- [advert-service] [main] o.s.c.n.eureka.InstanceInfoFactory       : Setting initial instance status as: STARTING
2024-07-13T03:43:37.178+03:00  INFO 1988 --- [advert-service] [main] com.netflix.discovery.DiscoveryClient    : Initializing Eureka in region us-east-1
2024-07-13T03:43:37.185+03:00  INFO 1988 --- [advert-service] [main] c.n.d.s.r.aws.ConfigClusterResolver      : Resolving eureka endpoints via configuration
2024-07-13T03:43:37.237+03:00  INFO 1988 --- [advert-service] [main] com.netflix.discovery.DiscoveryClient    : Disable delta property : false
2024-07-13T03:43:37.237+03:00  INFO 1988 --- [advert-service] [main] com.netflix.discovery.DiscoveryClient    : Single vip registry refresh property : null
2024-07-13T03:43:37.237+03:00  INFO 1988 --- [advert-service] [main] com.netflix.discovery.DiscoveryClient    : Force full registry fetch : false
2024-07-13T03:43:37.237+03:00  INFO 1988 --- [advert-service] [main] com.netflix.discovery.DiscoveryClient    : Application is null : false
2024-07-13T03:43:37.237+03:00  INFO 1988 --- [advert-service] [main] com.netflix.discovery.DiscoveryClient    : Registered Applications size is zero : true
2024-07-13T03:43:37.237+03:00  INFO 1988 --- [advert-service] [main] com.netflix.discovery.DiscoveryClient    : Application version is -1: true
2024-07-13T03:43:37.237+03:00  INFO 1988 --- [advert-service] [main] com.netflix.discovery.DiscoveryClient    : Getting all instance registry info from the eureka server
2024-07-13T03:43:37.772+03:00  INFO 1988 --- [advert-service] [main] com.netflix.discovery.DiscoveryClient    : The response status is 200
2024-07-13T03:43:37.777+03:00  INFO 1988 --- [advert-service] [main] com.netflix.discovery.DiscoveryClient    : Starting heartbeat executor: renew interval is: 30
2024-07-13T03:43:37.783+03:00  INFO 1988 --- [advert-service] [main] c.n.discovery.InstanceInfoReplicator     : InstanceInfoReplicator onDemand update allowed rate per min is 4
2024-07-13T03:43:37.794+03:00  INFO 1988 --- [advert-service] [main] com.netflix.discovery.DiscoveryClient    : Discovery Client initialized at timestamp 1720831417792 with initial instances count: 0
2024-07-13T03:43:37.801+03:00  INFO 1988 --- [advert-service] [main] o.s.c.n.e.s.EurekaServiceRegistry        : Registering application ADVERT-SERVICE with eureka with status UP
2024-07-13T03:43:37.802+03:00  INFO 1988 --- [advert-service] [main] com.netflix.discovery.DiscoveryClient    : Saw local status change event StatusChangeEvent [timestamp=1720831417802, current=UP, previous=STARTING]
2024-07-13T03:43:37.806+03:00  INFO 1988 --- [advert-service] [DiscoveryClient-InstanceInfoReplicator-0] com.netflix.discovery.DiscoveryClient    : DiscoveryClient_ADVERT-SERVICE/host.docker.internal:advert-service:8083: registering service...
2024-07-13T03:43:37.827+03:00  INFO 1988 --- [advert-service] [main] u.a.AdvertServiceApplicationTests        : Started AdvertServiceApplicationTests in 8.998 seconds (process running for 10.384)
2024-07-13T03:43:37.877+03:00  INFO 1988 --- [advert-service] [DiscoveryClient-InstanceInfoReplicator-0] com.netflix.discovery.DiscoveryClient    : DiscoveryClient_ADVERT-SERVICE/host.docker.internal:advert-service:8083 - registration status: 204
2024-07-13T03:43:38.578+03:00  INFO 1988 --- [advert-service] [SpringApplicationShutdownHook] o.s.c.n.e.s.EurekaServiceRegistry        : Unregistering application ADVERT-SERVICE with eureka with status DOWN
2024-07-13T03:43:38.578+03:00  INFO 1988 --- [advert-service] [SpringApplicationShutdownHook] com.netflix.discovery.DiscoveryClient    : Saw local status change event StatusChangeEvent [timestamp=1720831418578, current=DOWN, previous=UP]
2024-07-13T03:43:38.579+03:00  INFO 1988 --- [advert-service] [DiscoveryClient-InstanceInfoReplicator-0] com.netflix.discovery.DiscoveryClient    : DiscoveryClient_ADVERT-SERVICE/host.docker.internal:advert-service:8083: registering service...
2024-07-13T03:43:38.592+03:00  INFO 1988 --- [advert-service] [DiscoveryClient-InstanceInfoReplicator-0] com.netflix.discovery.DiscoveryClient    : DiscoveryClient_ADVERT-SERVICE/host.docker.internal:advert-service:8083 - registration status: 204
2024-07-13T03:43:38.596+03:00  INFO 1988 --- [advert-service] [SpringApplicationShutdownHook] j.LocalContainerEntityManagerFactoryBean : Closing JPA EntityManagerFactory for persistence unit 'default'
2024-07-13T03:43:38.600+03:00  INFO 1988 --- [advert-service] [SpringApplicationShutdownHook] com.zaxxer.hikari.HikariDataSource       : HikariPool-1 - Shutdown initiated...
2024-07-13T03:43:38.618+03:00  INFO 1988 --- [advert-service] [SpringApplicationShutdownHook] com.zaxxer.hikari.HikariDataSource       : HikariPool-1 - Shutdown completed.
2024-07-13T03:43:38.619+03:00  INFO 1988 --- [advert-service] [SpringApplicationShutdownHook] com.netflix.discovery.DiscoveryClient    : Shutting down DiscoveryClient ...
2024-07-13T03:43:41.630+03:00  INFO 1988 --- [advert-service] [SpringApplicationShutdownHook] com.netflix.discovery.DiscoveryClient    : Unregistering ...
2024-07-13T03:43:41.664+03:00  INFO 1988 --- [advert-service] [SpringApplicationShutdownHook] com.netflix.discovery.DiscoveryClient    : DiscoveryClient_ADVERT-SERVICE/host.docker.internal:advert-service:8083 - deregister  status: 200
2024-07-13T03:43:41.674+03:00  INFO 1988 --- [advert-service] [SpringApplicationShutdownHook] com.netflix.discovery.DiscoveryClient    : Completed shut down of DiscoveryClient
2024-07-13T03:44:29.974+03:00  INFO 5040 --- [advert-service] [main] u.a.AdvertServiceApplicationTests        : Starting AdvertServiceApplicationTests using Java 22.0.1 with PID 5040 (started by emree in D:\workspace\java\fmss-bootcamp-final-project\real-estate-microservices\advert-service)
2024-07-13T03:44:29.976+03:00  INFO 5040 --- [advert-service] [main] u.a.AdvertServiceApplicationTests        : No active profile set, falling back to 1 default profile: "default"
2024-07-13T03:44:31.577+03:00  INFO 5040 --- [advert-service] [main] .s.d.r.c.RepositoryConfigurationDelegate : Bootstrapping Spring Data JPA repositories in DEFAULT mode.
2024-07-13T03:44:31.751+03:00  INFO 5040 --- [advert-service] [main] .s.d.r.c.RepositoryConfigurationDelegate : Finished Spring Data repository scanning in 164 ms. Found 2 JPA repository interfaces.
2024-07-13T03:44:32.168+03:00  INFO 5040 --- [advert-service] [main] o.s.cloud.context.scope.GenericScope     : BeanFactory id=7583a7e5-1a19-3316-9d6b-f73737577816
2024-07-13T03:44:32.732+03:00  WARN 5040 --- [advert-service] [main] trationDelegate$BeanPostProcessorChecker : Bean 'org.springframework.cloud.client.loadbalancer.LoadBalancerAutoConfiguration$DeferringLoadBalancerInterceptorConfig' of type [org.springframework.cloud.client.loadbalancer.LoadBalancerAutoConfiguration$DeferringLoadBalancerInterceptorConfig] is not eligible for getting processed by all BeanPostProcessors (for example: not eligible for auto-proxying). The currently created BeanPostProcessor [lbRestClientPostProcessor] is declared through a non-static factory method on that class; consider declaring it as static instead.
2024-07-13T03:44:32.739+03:00  WARN 5040 --- [advert-service] [main] trationDelegate$BeanPostProcessorChecker : Bean 'deferringLoadBalancerInterceptor' of type [org.springframework.cloud.client.loadbalancer.DeferringLoadBalancerInterceptor] is not eligible for getting processed by all BeanPostProcessors (for example: not eligible for auto-proxying). Is this bean getting eagerly injected into a currently created BeanPostProcessor [lbRestClientPostProcessor]? Check the corresponding BeanPostProcessor declaration and its dependencies.
2024-07-13T03:44:33.062+03:00  INFO 5040 --- [advert-service] [main] o.hibernate.jpa.internal.util.LogHelper  : HHH000204: Processing PersistenceUnitInfo [name: default]
2024-07-13T03:44:33.167+03:00  INFO 5040 --- [advert-service] [main] org.hibernate.Version                    : HHH000412: Hibernate ORM core version 6.5.2.Final
2024-07-13T03:44:33.226+03:00  INFO 5040 --- [advert-service] [main] o.h.c.internal.RegionFactoryInitiator    : HHH000026: Second-level cache disabled
2024-07-13T03:44:33.787+03:00  INFO 5040 --- [advert-service] [main] o.s.o.j.p.SpringPersistenceUnitInfo      : No LoadTimeWeaver setup: ignoring JPA class transformer
2024-07-13T03:44:33.831+03:00  INFO 5040 --- [advert-service] [main] com.zaxxer.hikari.HikariDataSource       : HikariPool-1 - Starting...
2024-07-13T03:44:34.183+03:00  INFO 5040 --- [advert-service] [main] com.zaxxer.hikari.pool.HikariPool        : HikariPool-1 - Added connection org.postgresql.jdbc.PgConnection@1123d461
2024-07-13T03:44:34.186+03:00  INFO 5040 --- [advert-service] [main] com.zaxxer.hikari.HikariDataSource       : HikariPool-1 - Start completed.
2024-07-13T03:44:34.230+03:00  WARN 5040 --- [advert-service] [main] org.hibernate.orm.deprecation            : HHH90000025: PostgreSQLDialect does not need to be specified explicitly using 'hibernate.dialect' (remove the property setting and it will be selected by default)
2024-07-13T03:44:35.552+03:00  INFO 5040 --- [advert-service] [main] o.h.e.t.j.p.i.JtaPlatformInitiator       : HHH000489: No JTA platform available (set 'hibernate.transaction.jta.platform' to enable JTA platform integration)
2024-07-13T03:44:35.646+03:00  INFO 5040 --- [advert-service] [main] j.LocalContainerEntityManagerFactoryBean : Initialized JPA EntityManagerFactory for persistence unit 'default'
2024-07-13T03:44:36.373+03:00  WARN 5040 --- [advert-service] [main] JpaBaseConfiguration$JpaWebConfiguration : spring.jpa.open-in-view is enabled by default. Therefore, database queries may be performed during view rendering. Explicitly configure spring.jpa.open-in-view to disable this warning
2024-07-13T03:44:37.622+03:00  INFO 5040 --- [advert-service] [main] DiscoveryClientOptionalArgsConfiguration : Eureka HTTP Client uses RestTemplate.
2024-07-13T03:44:37.699+03:00  WARN 5040 --- [advert-service] [main] iguration$LoadBalancerCaffeineWarnLogger : Spring Cloud LoadBalancer is currently working with the default cache. While this cache implementation is useful for development and tests, it's recommended to use Caffeine cache in production.You can switch to using Caffeine cache, by adding it and org.springframework.cache.caffeine.CaffeineCacheManager to the classpath.
2024-07-13T03:44:37.716+03:00  INFO 5040 --- [advert-service] [main] o.s.b.a.e.web.EndpointLinksResolver      : Exposing 1 endpoint beneath base path '/actuator'
2024-07-13T03:44:37.809+03:00  INFO 5040 --- [advert-service] [main] o.s.c.n.eureka.InstanceInfoFactory       : Setting initial instance status as: STARTING
2024-07-13T03:44:37.951+03:00  INFO 5040 --- [advert-service] [main] com.netflix.discovery.DiscoveryClient    : Initializing Eureka in region us-east-1
2024-07-13T03:44:37.959+03:00  INFO 5040 --- [advert-service] [main] c.n.d.s.r.aws.ConfigClusterResolver      : Resolving eureka endpoints via configuration
2024-07-13T03:44:37.984+03:00  INFO 5040 --- [advert-service] [main] com.netflix.discovery.DiscoveryClient    : Disable delta property : false
2024-07-13T03:44:37.984+03:00  INFO 5040 --- [advert-service] [main] com.netflix.discovery.DiscoveryClient    : Single vip registry refresh property : null
2024-07-13T03:44:37.984+03:00  INFO 5040 --- [advert-service] [main] com.netflix.discovery.DiscoveryClient    : Force full registry fetch : false
2024-07-13T03:44:37.985+03:00  INFO 5040 --- [advert-service] [main] com.netflix.discovery.DiscoveryClient    : Application is null : false
2024-07-13T03:44:37.985+03:00  INFO 5040 --- [advert-service] [main] com.netflix.discovery.DiscoveryClient    : Registered Applications size is zero : true
2024-07-13T03:44:37.985+03:00  INFO 5040 --- [advert-service] [main] com.netflix.discovery.DiscoveryClient    : Application version is -1: true
2024-07-13T03:44:37.985+03:00  INFO 5040 --- [advert-service] [main] com.netflix.discovery.DiscoveryClient    : Getting all instance registry info from the eureka server
2024-07-13T03:44:38.471+03:00  INFO 5040 --- [advert-service] [main] com.netflix.discovery.DiscoveryClient    : The response status is 200
2024-07-13T03:44:38.473+03:00  INFO 5040 --- [advert-service] [main] com.netflix.discovery.DiscoveryClient    : Starting heartbeat executor: renew interval is: 30
2024-07-13T03:44:38.476+03:00  INFO 5040 --- [advert-service] [main] c.n.discovery.InstanceInfoReplicator     : InstanceInfoReplicator onDemand update allowed rate per min is 4
2024-07-13T03:44:38.484+03:00  INFO 5040 --- [advert-service] [main] com.netflix.discovery.DiscoveryClient    : Discovery Client initialized at timestamp 1720831478483 with initial instances count: 0
2024-07-13T03:44:38.491+03:00  INFO 5040 --- [advert-service] [main] o.s.c.n.e.s.EurekaServiceRegistry        : Registering application ADVERT-SERVICE with eureka with status UP
2024-07-13T03:44:38.493+03:00  INFO 5040 --- [advert-service] [main] com.netflix.discovery.DiscoveryClient    : Saw local status change event StatusChangeEvent [timestamp=1720831478493, current=UP, previous=STARTING]
2024-07-13T03:44:38.496+03:00  INFO 5040 --- [advert-service] [DiscoveryClient-InstanceInfoReplicator-0] com.netflix.discovery.DiscoveryClient    : DiscoveryClient_ADVERT-SERVICE/host.docker.internal:advert-service:8083: registering service...
2024-07-13T03:44:38.520+03:00  INFO 5040 --- [advert-service] [main] u.a.AdvertServiceApplicationTests        : Started AdvertServiceApplicationTests in 9.186 seconds (process running for 10.547)
2024-07-13T03:44:38.555+03:00  INFO 5040 --- [advert-service] [DiscoveryClient-InstanceInfoReplicator-0] com.netflix.discovery.DiscoveryClient    : DiscoveryClient_ADVERT-SERVICE/host.docker.internal:advert-service:8083 - registration status: 204
2024-07-13T03:44:39.236+03:00  INFO 5040 --- [advert-service] [SpringApplicationShutdownHook] o.s.c.n.e.s.EurekaServiceRegistry        : Unregistering application ADVERT-SERVICE with eureka with status DOWN
2024-07-13T03:44:39.236+03:00  INFO 5040 --- [advert-service] [SpringApplicationShutdownHook] com.netflix.discovery.DiscoveryClient    : Saw local status change event StatusChangeEvent [timestamp=1720831479236, current=DOWN, previous=UP]
2024-07-13T03:44:39.236+03:00  INFO 5040 --- [advert-service] [DiscoveryClient-InstanceInfoReplicator-0] com.netflix.discovery.DiscoveryClient    : DiscoveryClient_ADVERT-SERVICE/host.docker.internal:advert-service:8083: registering service...
2024-07-13T03:44:39.247+03:00  INFO 5040 --- [advert-service] [DiscoveryClient-InstanceInfoReplicator-0] com.netflix.discovery.DiscoveryClient    : DiscoveryClient_ADVERT-SERVICE/host.docker.internal:advert-service:8083 - registration status: 204
2024-07-13T03:44:39.256+03:00  INFO 5040 --- [advert-service] [SpringApplicationShutdownHook] j.LocalContainerEntityManagerFactoryBean : Closing JPA EntityManagerFactory for persistence unit 'default'
2024-07-13T03:44:39.261+03:00  INFO 5040 --- [advert-service] [SpringApplicationShutdownHook] com.zaxxer.hikari.HikariDataSource       : HikariPool-1 - Shutdown initiated...
2024-07-13T03:44:39.270+03:00  INFO 5040 --- [advert-service] [SpringApplicationShutdownHook] com.zaxxer.hikari.HikariDataSource       : HikariPool-1 - Shutdown completed.
2024-07-13T03:44:39.271+03:00  INFO 5040 --- [advert-service] [SpringApplicationShutdownHook] com.netflix.discovery.DiscoveryClient    : Shutting down DiscoveryClient ...
2024-07-13T03:44:42.279+03:00  INFO 5040 --- [advert-service] [SpringApplicationShutdownHook] com.netflix.discovery.DiscoveryClient    : Unregistering ...
2024-07-13T03:44:42.296+03:00  INFO 5040 --- [advert-service] [SpringApplicationShutdownHook] com.netflix.discovery.DiscoveryClient    : DiscoveryClient_ADVERT-SERVICE/host.docker.internal:advert-service:8083 - deregister  status: 200
2024-07-13T03:44:42.303+03:00  INFO 5040 --- [advert-service] [SpringApplicationShutdownHook] com.netflix.discovery.DiscoveryClient    : Completed shut down of DiscoveryClient
2024-07-13T04:06:32.203+03:00  INFO 4464 --- [advert-service] [main] u.a.AdvertServiceApplicationTests        : Starting AdvertServiceApplicationTests using Java 22.0.1 with PID 4464 (started by emree in D:\workspace\java\fmss-bootcamp-final-project\real-estate-microservices\advert-service)
2024-07-13T04:06:32.205+03:00  INFO 4464 --- [advert-service] [main] u.a.AdvertServiceApplicationTests        : No active profile set, falling back to 1 default profile: "default"
2024-07-13T04:06:34.205+03:00  INFO 4464 --- [advert-service] [main] .s.d.r.c.RepositoryConfigurationDelegate : Bootstrapping Spring Data JPA repositories in DEFAULT mode.
2024-07-13T04:06:34.395+03:00  INFO 4464 --- [advert-service] [main] .s.d.r.c.RepositoryConfigurationDelegate : Finished Spring Data repository scanning in 180 ms. Found 2 JPA repository interfaces.
2024-07-13T04:06:34.766+03:00  INFO 4464 --- [advert-service] [main] o.s.cloud.context.scope.GenericScope     : BeanFactory id=7583a7e5-1a19-3316-9d6b-f73737577816
2024-07-13T04:06:35.260+03:00  WARN 4464 --- [advert-service] [main] trationDelegate$BeanPostProcessorChecker : Bean 'org.springframework.cloud.client.loadbalancer.LoadBalancerAutoConfiguration$DeferringLoadBalancerInterceptorConfig' of type [org.springframework.cloud.client.loadbalancer.LoadBalancerAutoConfiguration$DeferringLoadBalancerInterceptorConfig] is not eligible for getting processed by all BeanPostProcessors (for example: not eligible for auto-proxying). The currently created BeanPostProcessor [lbRestClientPostProcessor] is declared through a non-static factory method on that class; consider declaring it as static instead.
2024-07-13T04:06:35.263+03:00  WARN 4464 --- [advert-service] [main] trationDelegate$BeanPostProcessorChecker : Bean 'deferringLoadBalancerInterceptor' of type [org.springframework.cloud.client.loadbalancer.DeferringLoadBalancerInterceptor] is not eligible for getting processed by all BeanPostProcessors (for example: not eligible for auto-proxying). Is this bean getting eagerly injected into a currently created BeanPostProcessor [lbRestClientPostProcessor]? Check the corresponding BeanPostProcessor declaration and its dependencies.
2024-07-13T04:06:35.548+03:00  INFO 4464 --- [advert-service] [main] o.hibernate.jpa.internal.util.LogHelper  : HHH000204: Processing PersistenceUnitInfo [name: default]
2024-07-13T04:06:35.652+03:00  INFO 4464 --- [advert-service] [main] org.hibernate.Version                    : HHH000412: Hibernate ORM core version 6.5.2.Final
2024-07-13T04:06:35.722+03:00  INFO 4464 --- [advert-service] [main] o.h.c.internal.RegionFactoryInitiator    : HHH000026: Second-level cache disabled
2024-07-13T04:06:36.205+03:00  INFO 4464 --- [advert-service] [main] o.s.o.j.p.SpringPersistenceUnitInfo      : No LoadTimeWeaver setup: ignoring JPA class transformer
2024-07-13T04:06:36.245+03:00  INFO 4464 --- [advert-service] [main] com.zaxxer.hikari.HikariDataSource       : HikariPool-1 - Starting...
2024-07-13T04:06:36.578+03:00  INFO 4464 --- [advert-service] [main] com.zaxxer.hikari.pool.HikariPool        : HikariPool-1 - Added connection org.postgresql.jdbc.PgConnection@5e763c07
2024-07-13T04:06:36.581+03:00  INFO 4464 --- [advert-service] [main] com.zaxxer.hikari.HikariDataSource       : HikariPool-1 - Start completed.
2024-07-13T04:06:36.624+03:00  WARN 4464 --- [advert-service] [main] org.hibernate.orm.deprecation            : HHH90000025: PostgreSQLDialect does not need to be specified explicitly using 'hibernate.dialect' (remove the property setting and it will be selected by default)
2024-07-13T04:06:37.899+03:00  INFO 4464 --- [advert-service] [main] o.h.e.t.j.p.i.JtaPlatformInitiator       : HHH000489: No JTA platform available (set 'hibernate.transaction.jta.platform' to enable JTA platform integration)
2024-07-13T04:06:37.987+03:00  INFO 4464 --- [advert-service] [main] j.LocalContainerEntityManagerFactoryBean : Initialized JPA EntityManagerFactory for persistence unit 'default'
2024-07-13T04:06:38.746+03:00  WARN 4464 --- [advert-service] [main] JpaBaseConfiguration$JpaWebConfiguration : spring.jpa.open-in-view is enabled by default. Therefore, database queries may be performed during view rendering. Explicitly configure spring.jpa.open-in-view to disable this warning
2024-07-13T04:06:40.101+03:00  INFO 4464 --- [advert-service] [main] DiscoveryClientOptionalArgsConfiguration : Eureka HTTP Client uses RestTemplate.
2024-07-13T04:06:40.225+03:00  WARN 4464 --- [advert-service] [main] iguration$LoadBalancerCaffeineWarnLogger : Spring Cloud LoadBalancer is currently working with the default cache. While this cache implementation is useful for development and tests, it's recommended to use Caffeine cache in production.You can switch to using Caffeine cache, by adding it and org.springframework.cache.caffeine.CaffeineCacheManager to the classpath.
2024-07-13T04:06:40.248+03:00  INFO 4464 --- [advert-service] [main] o.s.b.a.e.web.EndpointLinksResolver      : Exposing 1 endpoint beneath base path '/actuator'
2024-07-13T04:06:40.354+03:00  INFO 4464 --- [advert-service] [main] o.s.c.n.eureka.InstanceInfoFactory       : Setting initial instance status as: STARTING
2024-07-13T04:06:40.501+03:00  INFO 4464 --- [advert-service] [main] com.netflix.discovery.DiscoveryClient    : Initializing Eureka in region us-east-1
2024-07-13T04:06:40.509+03:00  INFO 4464 --- [advert-service] [main] c.n.d.s.r.aws.ConfigClusterResolver      : Resolving eureka endpoints via configuration
2024-07-13T04:06:40.542+03:00  INFO 4464 --- [advert-service] [main] com.netflix.discovery.DiscoveryClient    : Disable delta property : false
2024-07-13T04:06:40.543+03:00  INFO 4464 --- [advert-service] [main] com.netflix.discovery.DiscoveryClient    : Single vip registry refresh property : null
2024-07-13T04:06:40.543+03:00  INFO 4464 --- [advert-service] [main] com.netflix.discovery.DiscoveryClient    : Force full registry fetch : false
2024-07-13T04:06:40.544+03:00  INFO 4464 --- [advert-service] [main] com.netflix.discovery.DiscoveryClient    : Application is null : false
2024-07-13T04:06:40.544+03:00  INFO 4464 --- [advert-service] [main] com.netflix.discovery.DiscoveryClient    : Registered Applications size is zero : true
2024-07-13T04:06:40.544+03:00  INFO 4464 --- [advert-service] [main] com.netflix.discovery.DiscoveryClient    : Application version is -1: true
2024-07-13T04:06:40.544+03:00  INFO 4464 --- [advert-service] [main] com.netflix.discovery.DiscoveryClient    : Getting all instance registry info from the eureka server
2024-07-13T04:06:41.049+03:00  INFO 4464 --- [advert-service] [main] com.netflix.discovery.DiscoveryClient    : The response status is 200
2024-07-13T04:06:41.051+03:00  INFO 4464 --- [advert-service] [main] com.netflix.discovery.DiscoveryClient    : Starting heartbeat executor: renew interval is: 30
2024-07-13T04:06:41.053+03:00  INFO 4464 --- [advert-service] [main] c.n.discovery.InstanceInfoReplicator     : InstanceInfoReplicator onDemand update allowed rate per min is 4
2024-07-13T04:06:41.059+03:00  INFO 4464 --- [advert-service] [main] com.netflix.discovery.DiscoveryClient    : Discovery Client initialized at timestamp 1720832801058 with initial instances count: 0
2024-07-13T04:06:41.066+03:00  INFO 4464 --- [advert-service] [main] o.s.c.n.e.s.EurekaServiceRegistry        : Registering application ADVERT-SERVICE with eureka with status UP
2024-07-13T04:06:41.067+03:00  INFO 4464 --- [advert-service] [main] com.netflix.discovery.DiscoveryClient    : Saw local status change event StatusChangeEvent [timestamp=1720832801067, current=UP, previous=STARTING]
2024-07-13T04:06:41.071+03:00  INFO 4464 --- [advert-service] [DiscoveryClient-InstanceInfoReplicator-0] com.netflix.discovery.DiscoveryClient    : DiscoveryClient_ADVERT-SERVICE/host.docker.internal:advert-service:8083: registering service...
2024-07-13T04:06:41.089+03:00  INFO 4464 --- [advert-service] [main] u.a.AdvertServiceApplicationTests        : Started AdvertServiceApplicationTests in 9.518 seconds (process running for 10.958)
2024-07-13T04:06:41.146+03:00  INFO 4464 --- [advert-service] [DiscoveryClient-InstanceInfoReplicator-0] com.netflix.discovery.DiscoveryClient    : DiscoveryClient_ADVERT-SERVICE/host.docker.internal:advert-service:8083 - registration status: 204
2024-07-13T04:06:41.912+03:00  INFO 4464 --- [advert-service] [SpringApplicationShutdownHook] o.s.c.n.e.s.EurekaServiceRegistry        : Unregistering application ADVERT-SERVICE with eureka with status DOWN
2024-07-13T04:06:41.913+03:00  INFO 4464 --- [advert-service] [SpringApplicationShutdownHook] com.netflix.discovery.DiscoveryClient    : Saw local status change event StatusChangeEvent [timestamp=1720832801913, current=DOWN, previous=UP]
2024-07-13T04:06:41.913+03:00  INFO 4464 --- [advert-service] [DiscoveryClient-InstanceInfoReplicator-0] com.netflix.discovery.DiscoveryClient    : DiscoveryClient_ADVERT-SERVICE/host.docker.internal:advert-service:8083: registering service...
2024-07-13T04:06:41.922+03:00  INFO 4464 --- [advert-service] [DiscoveryClient-InstanceInfoReplicator-0] com.netflix.discovery.DiscoveryClient    : DiscoveryClient_ADVERT-SERVICE/host.docker.internal:advert-service:8083 - registration status: 204
2024-07-13T04:06:41.928+03:00  INFO 4464 --- [advert-service] [SpringApplicationShutdownHook] j.LocalContainerEntityManagerFactoryBean : Closing JPA EntityManagerFactory for persistence unit 'default'
2024-07-13T04:06:41.934+03:00  INFO 4464 --- [advert-service] [SpringApplicationShutdownHook] com.zaxxer.hikari.HikariDataSource       : HikariPool-1 - Shutdown initiated...
2024-07-13T04:06:41.945+03:00  INFO 4464 --- [advert-service] [SpringApplicationShutdownHook] com.zaxxer.hikari.HikariDataSource       : HikariPool-1 - Shutdown completed.
2024-07-13T04:06:41.945+03:00  INFO 4464 --- [advert-service] [SpringApplicationShutdownHook] com.netflix.discovery.DiscoveryClient    : Shutting down DiscoveryClient ...
2024-07-13T04:06:44.954+03:00  INFO 4464 --- [advert-service] [SpringApplicationShutdownHook] com.netflix.discovery.DiscoveryClient    : Unregistering ...
2024-07-13T04:06:44.971+03:00  INFO 4464 --- [advert-service] [SpringApplicationShutdownHook] com.netflix.discovery.DiscoveryClient    : DiscoveryClient_ADVERT-SERVICE/host.docker.internal:advert-service:8083 - deregister  status: 200
2024-07-13T04:06:44.978+03:00  INFO 4464 --- [advert-service] [SpringApplicationShutdownHook] com.netflix.discovery.DiscoveryClient    : Completed shut down of DiscoveryClient
